The target system is: Linux -  - arm
The host system is: Linux - 5.19.0-46-generic - x86_64
Compiling the C compiler identification source file "CMakeCCompilerId.c" succeeded.
Compiler: /usr/local/arm/gcc-linaro-5.3-2016.02-x86_64_arm-linux-gnueabihf/bin/arm-linux-gnueabihf-gcc 
Build flags: 
Id flags:  

The output was:
0


Compilation of the C compiler identification source "CMakeCCompilerId.c" produced "a.out"

The C compiler identification is GNU, found in "/home/ubuntu/ProgramWorks/MyDesign/real-kernel/build/CMakeFiles/3.22.1/CompilerIdC/a.out"

Compiling the CXX compiler identification source file "CMakeCXXCompilerId.cpp" succeeded.
Compiler: /usr/local/arm/gcc-linaro-5.3-2016.02-x86_64_arm-linux-gnueabihf/bin/arm-linux-gnueabihf-g++ 
Build flags: 
Id flags:  

The output was:
0


Compilation of the CXX compiler identification source "CMakeCXXCompilerId.cpp" produced "a.out"

The CXX compiler identification is GNU, found in "/home/ubuntu/ProgramWorks/MyDesign/real-kernel/build/CMakeFiles/3.22.1/CompilerIdCXX/a.out"

Detecting C compiler ABI info compiled with the following output:
Change Dir: /home/ubuntu/ProgramWorks/MyDesign/real-kernel/build/CMakeFiles/CMakeTmp

Run Build Command(s):/usr/bin/gmake -f Makefile cmTC_b99e8/fast && /usr/bin/gmake  -f CMakeFiles/cmTC_b99e8.dir/build.make CMakeFiles/cmTC_b99e8.dir/build
gmake[1]: Entering directory '/home/ubuntu/ProgramWorks/MyDesign/real-kernel/build/CMakeFiles/CMakeTmp'
Building C object CMakeFiles/cmTC_b99e8.dir/CMakeCCompilerABI.c.o
/usr/local/arm/gcc-linaro-5.3-2016.02-x86_64_arm-linux-gnueabihf/bin/arm-linux-gnueabihf-gcc   -v -o CMakeFiles/cmTC_b99e8.dir/CMakeCCompilerABI.c.o -c /usr/share/cmake-3.22/Modules/CMakeCCompilerABI.c
Using built-in specs.
COLLECT_GCC=/usr/local/arm/gcc-linaro-5.3-2016.02-x86_64_arm-linux-gnueabihf/bin/arm-linux-gnueabihf-gcc
Target: arm-linux-gnueabihf
Configured with: /home/tcwg-buildslave/workspace/tcwg-make-release/label/tcwg-x86_64-ex40/target/arm-linux-gnueabihf/snapshots/gcc-linaro-5.3-2016.02/configure SHELL=/bin/bash --with-bugurl=https://bugs.linaro.org --with-mpc=/home/tcwg-buildslave/workspace/tcwg-make-release/label/tcwg-x86_64-ex40/target/arm-linux-gnueabihf/_build/builds/destdir/x86_64-unknown-linux-gnu --with-mpfr=/home/tcwg-buildslave/workspace/tcwg-make-release/label/tcwg-x86_64-ex40/target/arm-linux-gnueabihf/_build/builds/destdir/x86_64-unknown-linux-gnu --with-gmp=/home/tcwg-buildslave/workspace/tcwg-make-release/label/tcwg-x86_64-ex40/target/arm-linux-gnueabihf/_build/builds/destdir/x86_64-unknown-linux-gnu --with-gnu-as --with-gnu-ld --disable-libstdcxx-pch --disable-libmudflap --with-cloog=no --with-ppl=no --with-isl=no --disable-nls --enable-c99 --with-tune=cortex-a9 --with-arch=armv7-a --with-fpu=vfpv3-d16 --with-float=hard --with-mode=thumb --disable-multilib --enable-multiarch --with-build-sysroot=/home/tcwg-buildslave/workspace/tcwg-make-release/label/tcwg-x86_64-ex40/target/arm-linux-gnueabihf/_build/sysroots/arm-linux-gnueabihf --enable-lto --enable-linker-build-id --enable-long-long --enable-shared --with-sysroot=/home/tcwg-buildslave/workspace/tcwg-make-release/label/tcwg-x86_64-ex40/target/arm-linux-gnueabihf/_build/builds/destdir/x86_64-unknown-linux-gnu/arm-linux-gnueabihf/libc --enable-languages=c,c++,fortran,lto --enable-checking=release --disable-bootstrap --with-bugurl=https://bugs.linaro.org --build=x86_64-unknown-linux-gnu --host=x86_64-unknown-linux-gnu --target=arm-linux-gnueabihf --prefix=/home/tcwg-buildslave/workspace/tcwg-make-release/label/tcwg-x86_64-ex40/target/arm-linux-gnueabihf/_build/builds/destdir/x86_64-unknown-linux-gnu
Thread model: posix
gcc version 5.3.1 20160113 (Linaro GCC 5.3-2016.02) 
COLLECT_GCC_OPTIONS='-v' '-o' 'CMakeFiles/cmTC_b99e8.dir/CMakeCCompilerABI.c.o' '-c' '-march=armv7-a' '-mtune=cortex-a9' '-mfloat-abi=hard' '-mfpu=vfpv3-d16' '-mthumb' '-mtls-dialect=gnu'
 /usr/local/arm/gcc-linaro-5.3-2016.02-x86_64_arm-linux-gnueabihf/bin/../libexec/gcc/arm-linux-gnueabihf/5.3.1/cc1 -quiet -v -imultilib . -imultiarch arm-linux-gnueabihf -iprefix /usr/local/arm/gcc-linaro-5.3-2016.02-x86_64_arm-linux-gnueabihf/bin/../lib/gcc/arm-linux-gnueabihf/5.3.1/ -isysroot /usr/local/arm/gcc-linaro-5.3-2016.02-x86_64_arm-linux-gnueabihf/bin/../arm-linux-gnueabihf/libc /usr/share/cmake-3.22/Modules/CMakeCCompilerABI.c -quiet -dumpbase CMakeCCompilerABI.c -march=armv7-a -mtune=cortex-a9 -mfloat-abi=hard -mfpu=vfpv3-d16 -mthumb -mtls-dialect=gnu -auxbase-strip CMakeFiles/cmTC_b99e8.dir/CMakeCCompilerABI.c.o -version -o /tmp/ccqwQVT8.s
GNU C11 (Linaro GCC 5.3-2016.02) version 5.3.1 20160113 (arm-linux-gnueabihf)
	compiled by GNU C version 4.9.2, GMP version 6.0.0, MPFR version 3.1.3, MPC version 1.0.3
GGC heuristics: --param ggc-min-expand=100 --param ggc-min-heapsize=131072
ignoring duplicate directory "/usr/local/arm/gcc-linaro-5.3-2016.02-x86_64_arm-linux-gnueabihf/bin/../lib/gcc/../../lib/gcc/arm-linux-gnueabihf/5.3.1/include"
ignoring nonexistent directory "/usr/local/arm/gcc-linaro-5.3-2016.02-x86_64_arm-linux-gnueabihf/bin/../arm-linux-gnueabihf/libc/usr/local/include/arm-linux-gnueabihf"
ignoring nonexistent directory "/usr/local/arm/gcc-linaro-5.3-2016.02-x86_64_arm-linux-gnueabihf/bin/../arm-linux-gnueabihf/libc/usr/local/include"
ignoring duplicate directory "/usr/local/arm/gcc-linaro-5.3-2016.02-x86_64_arm-linux-gnueabihf/bin/../lib/gcc/../../lib/gcc/arm-linux-gnueabihf/5.3.1/include-fixed"
ignoring duplicate directory "/usr/local/arm/gcc-linaro-5.3-2016.02-x86_64_arm-linux-gnueabihf/bin/../lib/gcc/../../lib/gcc/arm-linux-gnueabihf/5.3.1/../../../../arm-linux-gnueabihf/include"
ignoring nonexistent directory "/usr/local/arm/gcc-linaro-5.3-2016.02-x86_64_arm-linux-gnueabihf/bin/../arm-linux-gnueabihf/libc/usr/include/arm-linux-gnueabihf"
#include "..." search starts here:
#include <...> search starts here:
 /usr/local/arm/gcc-linaro-5.3-2016.02-x86_64_arm-linux-gnueabihf/bin/../lib/gcc/arm-linux-gnueabihf/5.3.1/include
 /usr/local/arm/gcc-linaro-5.3-2016.02-x86_64_arm-linux-gnueabihf/bin/../lib/gcc/arm-linux-gnueabihf/5.3.1/include-fixed
 /usr/local/arm/gcc-linaro-5.3-2016.02-x86_64_arm-linux-gnueabihf/bin/../lib/gcc/arm-linux-gnueabihf/5.3.1/../../../../arm-linux-gnueabihf/include
 /usr/local/arm/gcc-linaro-5.3-2016.02-x86_64_arm-linux-gnueabihf/bin/../arm-linux-gnueabihf/libc/usr/include
End of search list.
GNU C11 (Linaro GCC 5.3-2016.02) version 5.3.1 20160113 (arm-linux-gnueabihf)
	compiled by GNU C version 4.9.2, GMP version 6.0.0, MPFR version 3.1.3, MPC version 1.0.3
GGC heuristics: --param ggc-min-expand=100 --param ggc-min-heapsize=131072
Compiler executable checksum: eb391097afb08ac0c6be8ef054c07fdb
COLLECT_GCC_OPTIONS='-v' '-o' 'CMakeFiles/cmTC_b99e8.dir/CMakeCCompilerABI.c.o' '-c' '-march=armv7-a' '-mtune=cortex-a9' '-mfloat-abi=hard' '-mfpu=vfpv3-d16' '-mthumb' '-mtls-dialect=gnu'
 /usr/local/arm/gcc-linaro-5.3-2016.02-x86_64_arm-linux-gnueabihf/bin/../lib/gcc/arm-linux-gnueabihf/5.3.1/../../../../arm-linux-gnueabihf/bin/as -v -march=armv7-a -mfloat-abi=hard -mfpu=vfpv3-d16 -meabi=5 -o CMakeFiles/cmTC_b99e8.dir/CMakeCCompilerABI.c.o /tmp/ccqwQVT8.s
GNU assembler version 2.25.0 (arm-linux-gnueabihf) using BFD version (GNU Binutils) 2.25.0 Linaro 2015_10
COMPILER_PATH=/usr/local/arm/gcc-linaro-5.3-2016.02-x86_64_arm-linux-gnueabihf/bin/../libexec/gcc/arm-linux-gnueabihf/5.3.1/:/usr/local/arm/gcc-linaro-5.3-2016.02-x86_64_arm-linux-gnueabihf/bin/../libexec/gcc/arm-linux-gnueabihf/:/usr/local/arm/gcc-linaro-5.3-2016.02-x86_64_arm-linux-gnueabihf/bin/../libexec/gcc/:/usr/local/arm/gcc-linaro-5.3-2016.02-x86_64_arm-linux-gnueabihf/bin/../lib/gcc/arm-linux-gnueabihf/5.3.1/../../../../arm-linux-gnueabihf/bin/
LIBRARY_PATH=/usr/local/arm/gcc-linaro-5.3-2016.02-x86_64_arm-linux-gnueabihf/bin/../lib/gcc/arm-linux-gnueabihf/5.3.1/:/usr/local/arm/gcc-linaro-5.3-2016.02-x86_64_arm-linux-gnueabihf/bin/../lib/gcc/arm-linux-gnueabihf/:/usr/local/arm/gcc-linaro-5.3-2016.02-x86_64_arm-linux-gnueabihf/bin/../lib/gcc/:/usr/local/arm/gcc-linaro-5.3-2016.02-x86_64_arm-linux-gnueabihf/bin/../lib/gcc/arm-linux-gnueabihf/5.3.1/../../../../arm-linux-gnueabihf/lib/:/usr/local/arm/gcc-linaro-5.3-2016.02-x86_64_arm-linux-gnueabihf/bin/../arm-linux-gnueabihf/libc/lib/:/usr/local/arm/gcc-linaro-5.3-2016.02-x86_64_arm-linux-gnueabihf/bin/../arm-linux-gnueabihf/libc/usr/lib/
COLLECT_GCC_OPTIONS='-v' '-o' 'CMakeFiles/cmTC_b99e8.dir/CMakeCCompilerABI.c.o' '-c' '-march=armv7-a' '-mtune=cortex-a9' '-mfloat-abi=hard' '-mfpu=vfpv3-d16' '-mthumb' '-mtls-dialect=gnu'
Linking C executable cmTC_b99e8
/usr/bin/cmake -E cmake_link_script CMakeFiles/cmTC_b99e8.dir/link.txt --verbose=1
/usr/local/arm/gcc-linaro-5.3-2016.02-x86_64_arm-linux-gnueabihf/bin/arm-linux-gnueabihf-gcc  -v -rdynamic CMakeFiles/cmTC_b99e8.dir/CMakeCCompilerABI.c.o -o cmTC_b99e8 
Using built-in specs.
COLLECT_GCC=/usr/local/arm/gcc-linaro-5.3-2016.02-x86_64_arm-linux-gnueabihf/bin/arm-linux-gnueabihf-gcc
COLLECT_LTO_WRAPPER=/usr/local/arm/gcc-linaro-5.3-2016.02-x86_64_arm-linux-gnueabihf/bin/../libexec/gcc/arm-linux-gnueabihf/5.3.1/lto-wrapper
Target: arm-linux-gnueabihf
Configured with: /home/tcwg-buildslave/workspace/tcwg-make-release/label/tcwg-x86_64-ex40/target/arm-linux-gnueabihf/snapshots/gcc-linaro-5.3-2016.02/configure SHELL=/bin/bash --with-bugurl=https://bugs.linaro.org --with-mpc=/home/tcwg-buildslave/workspace/tcwg-make-release/label/tcwg-x86_64-ex40/target/arm-linux-gnueabihf/_build/builds/destdir/x86_64-unknown-linux-gnu --with-mpfr=/home/tcwg-buildslave/workspace/tcwg-make-release/label/tcwg-x86_64-ex40/target/arm-linux-gnueabihf/_build/builds/destdir/x86_64-unknown-linux-gnu --with-gmp=/home/tcwg-buildslave/workspace/tcwg-make-release/label/tcwg-x86_64-ex40/target/arm-linux-gnueabihf/_build/builds/destdir/x86_64-unknown-linux-gnu --with-gnu-as --with-gnu-ld --disable-libstdcxx-pch --disable-libmudflap --with-cloog=no --with-ppl=no --with-isl=no --disable-nls --enable-c99 --with-tune=cortex-a9 --with-arch=armv7-a --with-fpu=vfpv3-d16 --with-float=hard --with-mode=thumb --disable-multilib --enable-multiarch --with-build-sysroot=/home/tcwg-buildslave/workspace/tcwg-make-release/label/tcwg-x86_64-ex40/target/arm-linux-gnueabihf/_build/sysroots/arm-linux-gnueabihf --enable-lto --enable-linker-build-id --enable-long-long --enable-shared --with-sysroot=/home/tcwg-buildslave/workspace/tcwg-make-release/label/tcwg-x86_64-ex40/target/arm-linux-gnueabihf/_build/builds/destdir/x86_64-unknown-linux-gnu/arm-linux-gnueabihf/libc --enable-languages=c,c++,fortran,lto --enable-checking=release --disable-bootstrap --with-bugurl=https://bugs.linaro.org --build=x86_64-unknown-linux-gnu --host=x86_64-unknown-linux-gnu --target=arm-linux-gnueabihf --prefix=/home/tcwg-buildslave/workspace/tcwg-make-release/label/tcwg-x86_64-ex40/target/arm-linux-gnueabihf/_build/builds/destdir/x86_64-unknown-linux-gnu
Thread model: posix
gcc version 5.3.1 20160113 (Linaro GCC 5.3-2016.02) 
COMPILER_PATH=/usr/local/arm/gcc-linaro-5.3-2016.02-x86_64_arm-linux-gnueabihf/bin/../libexec/gcc/arm-linux-gnueabihf/5.3.1/:/usr/local/arm/gcc-linaro-5.3-2016.02-x86_64_arm-linux-gnueabihf/bin/../libexec/gcc/arm-linux-gnueabihf/:/usr/local/arm/gcc-linaro-5.3-2016.02-x86_64_arm-linux-gnueabihf/bin/../libexec/gcc/:/usr/local/arm/gcc-linaro-5.3-2016.02-x86_64_arm-linux-gnueabihf/bin/../lib/gcc/arm-linux-gnueabihf/5.3.1/../../../../arm-linux-gnueabihf/bin/
LIBRARY_PATH=/usr/local/arm/gcc-linaro-5.3-2016.02-x86_64_arm-linux-gnueabihf/bin/../lib/gcc/arm-linux-gnueabihf/5.3.1/:/usr/local/arm/gcc-linaro-5.3-2016.02-x86_64_arm-linux-gnueabihf/bin/../lib/gcc/arm-linux-gnueabihf/:/usr/local/arm/gcc-linaro-5.3-2016.02-x86_64_arm-linux-gnueabihf/bin/../lib/gcc/:/usr/local/arm/gcc-linaro-5.3-2016.02-x86_64_arm-linux-gnueabihf/bin/../lib/gcc/arm-linux-gnueabihf/5.3.1/../../../../arm-linux-gnueabihf/lib/:/usr/local/arm/gcc-linaro-5.3-2016.02-x86_64_arm-linux-gnueabihf/bin/../arm-linux-gnueabihf/libc/lib/:/usr/local/arm/gcc-linaro-5.3-2016.02-x86_64_arm-linux-gnueabihf/bin/../arm-linux-gnueabihf/libc/usr/lib/
COLLECT_GCC_OPTIONS='-v' '-rdynamic' '-o' 'cmTC_b99e8' '-march=armv7-a' '-mtune=cortex-a9' '-mfloat-abi=hard' '-mfpu=vfpv3-d16' '-mthumb' '-mtls-dialect=gnu'
 /usr/local/arm/gcc-linaro-5.3-2016.02-x86_64_arm-linux-gnueabihf/bin/../libexec/gcc/arm-linux-gnueabihf/5.3.1/collect2 -plugin /usr/local/arm/gcc-linaro-5.3-2016.02-x86_64_arm-linux-gnueabihf/bin/../libexec/gcc/arm-linux-gnueabihf/5.3.1/liblto_plugin.so -plugin-opt=/usr/local/arm/gcc-linaro-5.3-2016.02-x86_64_arm-linux-gnueabihf/bin/../libexec/gcc/arm-linux-gnueabihf/5.3.1/lto-wrapper -plugin-opt=-fresolution=/tmp/ccTeR7iS.res -plugin-opt=-pass-through=-lgcc -plugin-opt=-pass-through=-lgcc_s -plugin-opt=-pass-through=-lc -plugin-opt=-pass-through=-lgcc -plugin-opt=-pass-through=-lgcc_s --sysroot=/usr/local/arm/gcc-linaro-5.3-2016.02-x86_64_arm-linux-gnueabihf/bin/../arm-linux-gnueabihf/libc --build-id --eh-frame-hdr -export-dynamic -dynamic-linker /lib/ld-linux-armhf.so.3 -X -m armelf_linux_eabi -o cmTC_b99e8 /usr/local/arm/gcc-linaro-5.3-2016.02-x86_64_arm-linux-gnueabihf/bin/../arm-linux-gnueabihf/libc/usr/lib/crt1.o /usr/local/arm/gcc-linaro-5.3-2016.02-x86_64_arm-linux-gnueabihf/bin/../arm-linux-gnueabihf/libc/usr/lib/crti.o /usr/local/arm/gcc-linaro-5.3-2016.02-x86_64_arm-linux-gnueabihf/bin/../lib/gcc/arm-linux-gnueabihf/5.3.1/crtbegin.o -L/usr/local/arm/gcc-linaro-5.3-2016.02-x86_64_arm-linux-gnueabihf/bin/../lib/gcc/arm-linux-gnueabihf/5.3.1 -L/usr/local/arm/gcc-linaro-5.3-2016.02-x86_64_arm-linux-gnueabihf/bin/../lib/gcc/arm-linux-gnueabihf -L/usr/local/arm/gcc-linaro-5.3-2016.02-x86_64_arm-linux-gnueabihf/bin/../lib/gcc -L/usr/local/arm/gcc-linaro-5.3-2016.02-x86_64_arm-linux-gnueabihf/bin/../lib/gcc/arm-linux-gnueabihf/5.3.1/../../../../arm-linux-gnueabihf/lib -L/usr/local/arm/gcc-linaro-5.3-2016.02-x86_64_arm-linux-gnueabihf/bin/../arm-linux-gnueabihf/libc/lib -L/usr/local/arm/gcc-linaro-5.3-2016.02-x86_64_arm-linux-gnueabihf/bin/../arm-linux-gnueabihf/libc/usr/lib CMakeFiles/cmTC_b99e8.dir/CMakeCCompilerABI.c.o -lgcc --as-needed -lgcc_s --no-as-needed -lc -lgcc --as-needed -lgcc_s --no-as-needed /usr/local/arm/gcc-linaro-5.3-2016.02-x86_64_arm-linux-gnueabihf/bin/../lib/gcc/arm-linux-gnueabihf/5.3.1/crtend.o /usr/local/arm/gcc-linaro-5.3-2016.02-x86_64_arm-linux-gnueabihf/bin/../arm-linux-gnueabihf/libc/usr/lib/crtn.o
gmake[1]: Leaving directory '/home/ubuntu/ProgramWorks/MyDesign/real-kernel/build/CMakeFiles/CMakeTmp'



Parsed C implicit include dir info from above output: rv=done
  found start of include info
  found start of implicit include info
    add: [/usr/local/arm/gcc-linaro-5.3-2016.02-x86_64_arm-linux-gnueabihf/bin/../lib/gcc/arm-linux-gnueabihf/5.3.1/include]
    add: [/usr/local/arm/gcc-linaro-5.3-2016.02-x86_64_arm-linux-gnueabihf/bin/../lib/gcc/arm-linux-gnueabihf/5.3.1/include-fixed]
    add: [/usr/local/arm/gcc-linaro-5.3-2016.02-x86_64_arm-linux-gnueabihf/bin/../lib/gcc/arm-linux-gnueabihf/5.3.1/../../../../arm-linux-gnueabihf/include]
    add: [/usr/local/arm/gcc-linaro-5.3-2016.02-x86_64_arm-linux-gnueabihf/bin/../arm-linux-gnueabihf/libc/usr/include]
  end of search list found
  collapse include dir [/usr/local/arm/gcc-linaro-5.3-2016.02-x86_64_arm-linux-gnueabihf/bin/../lib/gcc/arm-linux-gnueabihf/5.3.1/include] ==> [/usr/local/arm/gcc-linaro-5.3-2016.02-x86_64_arm-linux-gnueabihf/lib/gcc/arm-linux-gnueabihf/5.3.1/include]
  collapse include dir [/usr/local/arm/gcc-linaro-5.3-2016.02-x86_64_arm-linux-gnueabihf/bin/../lib/gcc/arm-linux-gnueabihf/5.3.1/include-fixed] ==> [/usr/local/arm/gcc-linaro-5.3-2016.02-x86_64_arm-linux-gnueabihf/lib/gcc/arm-linux-gnueabihf/5.3.1/include-fixed]
  collapse include dir [/usr/local/arm/gcc-linaro-5.3-2016.02-x86_64_arm-linux-gnueabihf/bin/../lib/gcc/arm-linux-gnueabihf/5.3.1/../../../../arm-linux-gnueabihf/include] ==> [/usr/local/arm/gcc-linaro-5.3-2016.02-x86_64_arm-linux-gnueabihf/arm-linux-gnueabihf/include]
  collapse include dir [/usr/local/arm/gcc-linaro-5.3-2016.02-x86_64_arm-linux-gnueabihf/bin/../arm-linux-gnueabihf/libc/usr/include] ==> [/usr/local/arm/gcc-linaro-5.3-2016.02-x86_64_arm-linux-gnueabihf/arm-linux-gnueabihf/libc/usr/include]
  implicit include dirs: [/usr/local/arm/gcc-linaro-5.3-2016.02-x86_64_arm-linux-gnueabihf/lib/gcc/arm-linux-gnueabihf/5.3.1/include;/usr/local/arm/gcc-linaro-5.3-2016.02-x86_64_arm-linux-gnueabihf/lib/gcc/arm-linux-gnueabihf/5.3.1/include-fixed;/usr/local/arm/gcc-linaro-5.3-2016.02-x86_64_arm-linux-gnueabihf/arm-linux-gnueabihf/include;/usr/local/arm/gcc-linaro-5.3-2016.02-x86_64_arm-linux-gnueabihf/arm-linux-gnueabihf/libc/usr/include]


Parsed C implicit link information from above output:
  link line regex: [^( *|.*[/\])(arm-linux-gnueabihf-ld|CMAKE_LINK_STARTFILE-NOTFOUND|([^/\]+-)?ld|collect2)[^/\]*( |$)]
  ignore line: [Change Dir: /home/ubuntu/ProgramWorks/MyDesign/real-kernel/build/CMakeFiles/CMakeTmp]
  ignore line: []
  ignore line: [Run Build Command(s):/usr/bin/gmake -f Makefile cmTC_b99e8/fast && /usr/bin/gmake  -f CMakeFiles/cmTC_b99e8.dir/build.make CMakeFiles/cmTC_b99e8.dir/build]
  ignore line: [gmake[1]: Entering directory '/home/ubuntu/ProgramWorks/MyDesign/real-kernel/build/CMakeFiles/CMakeTmp']
  ignore line: [Building C object CMakeFiles/cmTC_b99e8.dir/CMakeCCompilerABI.c.o]
  ignore line: [/usr/local/arm/gcc-linaro-5.3-2016.02-x86_64_arm-linux-gnueabihf/bin/arm-linux-gnueabihf-gcc   -v -o CMakeFiles/cmTC_b99e8.dir/CMakeCCompilerABI.c.o -c /usr/share/cmake-3.22/Modules/CMakeCCompilerABI.c]
  ignore line: [Using built-in specs.]
  ignore line: [COLLECT_GCC=/usr/local/arm/gcc-linaro-5.3-2016.02-x86_64_arm-linux-gnueabihf/bin/arm-linux-gnueabihf-gcc]
  ignore line: [Target: arm-linux-gnueabihf]
  ignore line: [Configured with: /home/tcwg-buildslave/workspace/tcwg-make-release/label/tcwg-x86_64-ex40/target/arm-linux-gnueabihf/snapshots/gcc-linaro-5.3-2016.02/configure SHELL=/bin/bash --with-bugurl=https://bugs.linaro.org --with-mpc=/home/tcwg-buildslave/workspace/tcwg-make-release/label/tcwg-x86_64-ex40/target/arm-linux-gnueabihf/_build/builds/destdir/x86_64-unknown-linux-gnu --with-mpfr=/home/tcwg-buildslave/workspace/tcwg-make-release/label/tcwg-x86_64-ex40/target/arm-linux-gnueabihf/_build/builds/destdir/x86_64-unknown-linux-gnu --with-gmp=/home/tcwg-buildslave/workspace/tcwg-make-release/label/tcwg-x86_64-ex40/target/arm-linux-gnueabihf/_build/builds/destdir/x86_64-unknown-linux-gnu --with-gnu-as --with-gnu-ld --disable-libstdcxx-pch --disable-libmudflap --with-cloog=no --with-ppl=no --with-isl=no --disable-nls --enable-c99 --with-tune=cortex-a9 --with-arch=armv7-a --with-fpu=vfpv3-d16 --with-float=hard --with-mode=thumb --disable-multilib --enable-multiarch --with-build-sysroot=/home/tcwg-buildslave/workspace/tcwg-make-release/label/tcwg-x86_64-ex40/target/arm-linux-gnueabihf/_build/sysroots/arm-linux-gnueabihf --enable-lto --enable-linker-build-id --enable-long-long --enable-shared --with-sysroot=/home/tcwg-buildslave/workspace/tcwg-make-release/label/tcwg-x86_64-ex40/target/arm-linux-gnueabihf/_build/builds/destdir/x86_64-unknown-linux-gnu/arm-linux-gnueabihf/libc --enable-languages=c,c++,fortran,lto --enable-checking=release --disable-bootstrap --with-bugurl=https://bugs.linaro.org --build=x86_64-unknown-linux-gnu --host=x86_64-unknown-linux-gnu --target=arm-linux-gnueabihf --prefix=/home/tcwg-buildslave/workspace/tcwg-make-release/label/tcwg-x86_64-ex40/target/arm-linux-gnueabihf/_build/builds/destdir/x86_64-unknown-linux-gnu]
  ignore line: [Thread model: posix]
  ignore line: [gcc version 5.3.1 20160113 (Linaro GCC 5.3-2016.02) ]
  ignore line: [COLLECT_GCC_OPTIONS='-v' '-o' 'CMakeFiles/cmTC_b99e8.dir/CMakeCCompilerABI.c.o' '-c' '-march=armv7-a' '-mtune=cortex-a9' '-mfloat-abi=hard' '-mfpu=vfpv3-d16' '-mthumb' '-mtls-dialect=gnu']
  ignore line: [ /usr/local/arm/gcc-linaro-5.3-2016.02-x86_64_arm-linux-gnueabihf/bin/../libexec/gcc/arm-linux-gnueabihf/5.3.1/cc1 -quiet -v -imultilib . -imultiarch arm-linux-gnueabihf -iprefix /usr/local/arm/gcc-linaro-5.3-2016.02-x86_64_arm-linux-gnueabihf/bin/../lib/gcc/arm-linux-gnueabihf/5.3.1/ -isysroot /usr/local/arm/gcc-linaro-5.3-2016.02-x86_64_arm-linux-gnueabihf/bin/../arm-linux-gnueabihf/libc /usr/share/cmake-3.22/Modules/CMakeCCompilerABI.c -quiet -dumpbase CMakeCCompilerABI.c -march=armv7-a -mtune=cortex-a9 -mfloat-abi=hard -mfpu=vfpv3-d16 -mthumb -mtls-dialect=gnu -auxbase-strip CMakeFiles/cmTC_b99e8.dir/CMakeCCompilerABI.c.o -version -o /tmp/ccqwQVT8.s]
  ignore line: [GNU C11 (Linaro GCC 5.3-2016.02) version 5.3.1 20160113 (arm-linux-gnueabihf)]
  ignore line: [	compiled by GNU C version 4.9.2  GMP version 6.0.0  MPFR version 3.1.3  MPC version 1.0.3]
  ignore line: [GGC heuristics: --param ggc-min-expand=100 --param ggc-min-heapsize=131072]
  ignore line: [ignoring duplicate directory "/usr/local/arm/gcc-linaro-5.3-2016.02-x86_64_arm-linux-gnueabihf/bin/../lib/gcc/../../lib/gcc/arm-linux-gnueabihf/5.3.1/include"]
  ignore line: [ignoring nonexistent directory "/usr/local/arm/gcc-linaro-5.3-2016.02-x86_64_arm-linux-gnueabihf/bin/../arm-linux-gnueabihf/libc/usr/local/include/arm-linux-gnueabihf"]
  ignore line: [ignoring nonexistent directory "/usr/local/arm/gcc-linaro-5.3-2016.02-x86_64_arm-linux-gnueabihf/bin/../arm-linux-gnueabihf/libc/usr/local/include"]
  ignore line: [ignoring duplicate directory "/usr/local/arm/gcc-linaro-5.3-2016.02-x86_64_arm-linux-gnueabihf/bin/../lib/gcc/../../lib/gcc/arm-linux-gnueabihf/5.3.1/include-fixed"]
  ignore line: [ignoring duplicate directory "/usr/local/arm/gcc-linaro-5.3-2016.02-x86_64_arm-linux-gnueabihf/bin/../lib/gcc/../../lib/gcc/arm-linux-gnueabihf/5.3.1/../../../../arm-linux-gnueabihf/include"]
  ignore line: [ignoring nonexistent directory "/usr/local/arm/gcc-linaro-5.3-2016.02-x86_64_arm-linux-gnueabihf/bin/../arm-linux-gnueabihf/libc/usr/include/arm-linux-gnueabihf"]
  ignore line: [#include "..." search starts here:]
  ignore line: [#include <...> search starts here:]
  ignore line: [ /usr/local/arm/gcc-linaro-5.3-2016.02-x86_64_arm-linux-gnueabihf/bin/../lib/gcc/arm-linux-gnueabihf/5.3.1/include]
  ignore line: [ /usr/local/arm/gcc-linaro-5.3-2016.02-x86_64_arm-linux-gnueabihf/bin/../lib/gcc/arm-linux-gnueabihf/5.3.1/include-fixed]
  ignore line: [ /usr/local/arm/gcc-linaro-5.3-2016.02-x86_64_arm-linux-gnueabihf/bin/../lib/gcc/arm-linux-gnueabihf/5.3.1/../../../../arm-linux-gnueabihf/include]
  ignore line: [ /usr/local/arm/gcc-linaro-5.3-2016.02-x86_64_arm-linux-gnueabihf/bin/../arm-linux-gnueabihf/libc/usr/include]
  ignore line: [End of search list.]
  ignore line: [GNU C11 (Linaro GCC 5.3-2016.02) version 5.3.1 20160113 (arm-linux-gnueabihf)]
  ignore line: [	compiled by GNU C version 4.9.2  GMP version 6.0.0  MPFR version 3.1.3  MPC version 1.0.3]
  ignore line: [GGC heuristics: --param ggc-min-expand=100 --param ggc-min-heapsize=131072]
  ignore line: [Compiler executable checksum: eb391097afb08ac0c6be8ef054c07fdb]
  ignore line: [COLLECT_GCC_OPTIONS='-v' '-o' 'CMakeFiles/cmTC_b99e8.dir/CMakeCCompilerABI.c.o' '-c' '-march=armv7-a' '-mtune=cortex-a9' '-mfloat-abi=hard' '-mfpu=vfpv3-d16' '-mthumb' '-mtls-dialect=gnu']
  ignore line: [ /usr/local/arm/gcc-linaro-5.3-2016.02-x86_64_arm-linux-gnueabihf/bin/../lib/gcc/arm-linux-gnueabihf/5.3.1/../../../../arm-linux-gnueabihf/bin/as -v -march=armv7-a -mfloat-abi=hard -mfpu=vfpv3-d16 -meabi=5 -o CMakeFiles/cmTC_b99e8.dir/CMakeCCompilerABI.c.o /tmp/ccqwQVT8.s]
  ignore line: [GNU assembler version 2.25.0 (arm-linux-gnueabihf) using BFD version (GNU Binutils) 2.25.0 Linaro 2015_10]
  ignore line: [COMPILER_PATH=/usr/local/arm/gcc-linaro-5.3-2016.02-x86_64_arm-linux-gnueabihf/bin/../libexec/gcc/arm-linux-gnueabihf/5.3.1/:/usr/local/arm/gcc-linaro-5.3-2016.02-x86_64_arm-linux-gnueabihf/bin/../libexec/gcc/arm-linux-gnueabihf/:/usr/local/arm/gcc-linaro-5.3-2016.02-x86_64_arm-linux-gnueabihf/bin/../libexec/gcc/:/usr/local/arm/gcc-linaro-5.3-2016.02-x86_64_arm-linux-gnueabihf/bin/../lib/gcc/arm-linux-gnueabihf/5.3.1/../../../../arm-linux-gnueabihf/bin/]
  ignore line: [LIBRARY_PATH=/usr/local/arm/gcc-linaro-5.3-2016.02-x86_64_arm-linux-gnueabihf/bin/../lib/gcc/arm-linux-gnueabihf/5.3.1/:/usr/local/arm/gcc-linaro-5.3-2016.02-x86_64_arm-linux-gnueabihf/bin/../lib/gcc/arm-linux-gnueabihf/:/usr/local/arm/gcc-linaro-5.3-2016.02-x86_64_arm-linux-gnueabihf/bin/../lib/gcc/:/usr/local/arm/gcc-linaro-5.3-2016.02-x86_64_arm-linux-gnueabihf/bin/../lib/gcc/arm-linux-gnueabihf/5.3.1/../../../../arm-linux-gnueabihf/lib/:/usr/local/arm/gcc-linaro-5.3-2016.02-x86_64_arm-linux-gnueabihf/bin/../arm-linux-gnueabihf/libc/lib/:/usr/local/arm/gcc-linaro-5.3-2016.02-x86_64_arm-linux-gnueabihf/bin/../arm-linux-gnueabihf/libc/usr/lib/]
  ignore line: [COLLECT_GCC_OPTIONS='-v' '-o' 'CMakeFiles/cmTC_b99e8.dir/CMakeCCompilerABI.c.o' '-c' '-march=armv7-a' '-mtune=cortex-a9' '-mfloat-abi=hard' '-mfpu=vfpv3-d16' '-mthumb' '-mtls-dialect=gnu']
  ignore line: [Linking C executable cmTC_b99e8]
  ignore line: [/usr/bin/cmake -E cmake_link_script CMakeFiles/cmTC_b99e8.dir/link.txt --verbose=1]
  ignore line: [/usr/local/arm/gcc-linaro-5.3-2016.02-x86_64_arm-linux-gnueabihf/bin/arm-linux-gnueabihf-gcc  -v -rdynamic CMakeFiles/cmTC_b99e8.dir/CMakeCCompilerABI.c.o -o cmTC_b99e8 ]
  ignore line: [Using built-in specs.]
  ignore line: [COLLECT_GCC=/usr/local/arm/gcc-linaro-5.3-2016.02-x86_64_arm-linux-gnueabihf/bin/arm-linux-gnueabihf-gcc]
  ignore line: [COLLECT_LTO_WRAPPER=/usr/local/arm/gcc-linaro-5.3-2016.02-x86_64_arm-linux-gnueabihf/bin/../libexec/gcc/arm-linux-gnueabihf/5.3.1/lto-wrapper]
  ignore line: [Target: arm-linux-gnueabihf]
  ignore line: [Configured with: /home/tcwg-buildslave/workspace/tcwg-make-release/label/tcwg-x86_64-ex40/target/arm-linux-gnueabihf/snapshots/gcc-linaro-5.3-2016.02/configure SHELL=/bin/bash --with-bugurl=https://bugs.linaro.org --with-mpc=/home/tcwg-buildslave/workspace/tcwg-make-release/label/tcwg-x86_64-ex40/target/arm-linux-gnueabihf/_build/builds/destdir/x86_64-unknown-linux-gnu --with-mpfr=/home/tcwg-buildslave/workspace/tcwg-make-release/label/tcwg-x86_64-ex40/target/arm-linux-gnueabihf/_build/builds/destdir/x86_64-unknown-linux-gnu --with-gmp=/home/tcwg-buildslave/workspace/tcwg-make-release/label/tcwg-x86_64-ex40/target/arm-linux-gnueabihf/_build/builds/destdir/x86_64-unknown-linux-gnu --with-gnu-as --with-gnu-ld --disable-libstdcxx-pch --disable-libmudflap --with-cloog=no --with-ppl=no --with-isl=no --disable-nls --enable-c99 --with-tune=cortex-a9 --with-arch=armv7-a --with-fpu=vfpv3-d16 --with-float=hard --with-mode=thumb --disable-multilib --enable-multiarch --with-build-sysroot=/home/tcwg-buildslave/workspace/tcwg-make-release/label/tcwg-x86_64-ex40/target/arm-linux-gnueabihf/_build/sysroots/arm-linux-gnueabihf --enable-lto --enable-linker-build-id --enable-long-long --enable-shared --with-sysroot=/home/tcwg-buildslave/workspace/tcwg-make-release/label/tcwg-x86_64-ex40/target/arm-linux-gnueabihf/_build/builds/destdir/x86_64-unknown-linux-gnu/arm-linux-gnueabihf/libc --enable-languages=c,c++,fortran,lto --enable-checking=release --disable-bootstrap --with-bugurl=https://bugs.linaro.org --build=x86_64-unknown-linux-gnu --host=x86_64-unknown-linux-gnu --target=arm-linux-gnueabihf --prefix=/home/tcwg-buildslave/workspace/tcwg-make-release/label/tcwg-x86_64-ex40/target/arm-linux-gnueabihf/_build/builds/destdir/x86_64-unknown-linux-gnu]
  ignore line: [Thread model: posix]
  ignore line: [gcc version 5.3.1 20160113 (Linaro GCC 5.3-2016.02) ]
  ignore line: [COMPILER_PATH=/usr/local/arm/gcc-linaro-5.3-2016.02-x86_64_arm-linux-gnueabihf/bin/../libexec/gcc/arm-linux-gnueabihf/5.3.1/:/usr/local/arm/gcc-linaro-5.3-2016.02-x86_64_arm-linux-gnueabihf/bin/../libexec/gcc/arm-linux-gnueabihf/:/usr/local/arm/gcc-linaro-5.3-2016.02-x86_64_arm-linux-gnueabihf/bin/../libexec/gcc/:/usr/local/arm/gcc-linaro-5.3-2016.02-x86_64_arm-linux-gnueabihf/bin/../lib/gcc/arm-linux-gnueabihf/5.3.1/../../../../arm-linux-gnueabihf/bin/]
  ignore line: [LIBRARY_PATH=/usr/local/arm/gcc-linaro-5.3-2016.02-x86_64_arm-linux-gnueabihf/bin/../lib/gcc/arm-linux-gnueabihf/5.3.1/:/usr/local/arm/gcc-linaro-5.3-2016.02-x86_64_arm-linux-gnueabihf/bin/../lib/gcc/arm-linux-gnueabihf/:/usr/local/arm/gcc-linaro-5.3-2016.02-x86_64_arm-linux-gnueabihf/bin/../lib/gcc/:/usr/local/arm/gcc-linaro-5.3-2016.02-x86_64_arm-linux-gnueabihf/bin/../lib/gcc/arm-linux-gnueabihf/5.3.1/../../../../arm-linux-gnueabihf/lib/:/usr/local/arm/gcc-linaro-5.3-2016.02-x86_64_arm-linux-gnueabihf/bin/../arm-linux-gnueabihf/libc/lib/:/usr/local/arm/gcc-linaro-5.3-2016.02-x86_64_arm-linux-gnueabihf/bin/../arm-linux-gnueabihf/libc/usr/lib/]
  ignore line: [COLLECT_GCC_OPTIONS='-v' '-rdynamic' '-o' 'cmTC_b99e8' '-march=armv7-a' '-mtune=cortex-a9' '-mfloat-abi=hard' '-mfpu=vfpv3-d16' '-mthumb' '-mtls-dialect=gnu']
  link line: [ /usr/local/arm/gcc-linaro-5.3-2016.02-x86_64_arm-linux-gnueabihf/bin/../libexec/gcc/arm-linux-gnueabihf/5.3.1/collect2 -plugin /usr/local/arm/gcc-linaro-5.3-2016.02-x86_64_arm-linux-gnueabihf/bin/../libexec/gcc/arm-linux-gnueabihf/5.3.1/liblto_plugin.so -plugin-opt=/usr/local/arm/gcc-linaro-5.3-2016.02-x86_64_arm-linux-gnueabihf/bin/../libexec/gcc/arm-linux-gnueabihf/5.3.1/lto-wrapper -plugin-opt=-fresolution=/tmp/ccTeR7iS.res -plugin-opt=-pass-through=-lgcc -plugin-opt=-pass-through=-lgcc_s -plugin-opt=-pass-through=-lc -plugin-opt=-pass-through=-lgcc -plugin-opt=-pass-through=-lgcc_s --sysroot=/usr/local/arm/gcc-linaro-5.3-2016.02-x86_64_arm-linux-gnueabihf/bin/../arm-linux-gnueabihf/libc --build-id --eh-frame-hdr -export-dynamic -dynamic-linker /lib/ld-linux-armhf.so.3 -X -m armelf_linux_eabi -o cmTC_b99e8 /usr/local/arm/gcc-linaro-5.3-2016.02-x86_64_arm-linux-gnueabihf/bin/../arm-linux-gnueabihf/libc/usr/lib/crt1.o /usr/local/arm/gcc-linaro-5.3-2016.02-x86_64_arm-linux-gnueabihf/bin/../arm-linux-gnueabihf/libc/usr/lib/crti.o /usr/local/arm/gcc-linaro-5.3-2016.02-x86_64_arm-linux-gnueabihf/bin/../lib/gcc/arm-linux-gnueabihf/5.3.1/crtbegin.o -L/usr/local/arm/gcc-linaro-5.3-2016.02-x86_64_arm-linux-gnueabihf/bin/../lib/gcc/arm-linux-gnueabihf/5.3.1 -L/usr/local/arm/gcc-linaro-5.3-2016.02-x86_64_arm-linux-gnueabihf/bin/../lib/gcc/arm-linux-gnueabihf -L/usr/local/arm/gcc-linaro-5.3-2016.02-x86_64_arm-linux-gnueabihf/bin/../lib/gcc -L/usr/local/arm/gcc-linaro-5.3-2016.02-x86_64_arm-linux-gnueabihf/bin/../lib/gcc/arm-linux-gnueabihf/5.3.1/../../../../arm-linux-gnueabihf/lib -L/usr/local/arm/gcc-linaro-5.3-2016.02-x86_64_arm-linux-gnueabihf/bin/../arm-linux-gnueabihf/libc/lib -L/usr/local/arm/gcc-linaro-5.3-2016.02-x86_64_arm-linux-gnueabihf/bin/../arm-linux-gnueabihf/libc/usr/lib CMakeFiles/cmTC_b99e8.dir/CMakeCCompilerABI.c.o -lgcc --as-needed -lgcc_s --no-as-needed -lc -lgcc --as-needed -lgcc_s --no-as-needed /usr/local/arm/gcc-linaro-5.3-2016.02-x86_64_arm-linux-gnueabihf/bin/../lib/gcc/arm-linux-gnueabihf/5.3.1/crtend.o /usr/local/arm/gcc-linaro-5.3-2016.02-x86_64_arm-linux-gnueabihf/bin/../arm-linux-gnueabihf/libc/usr/lib/crtn.o]
    arg [/usr/local/arm/gcc-linaro-5.3-2016.02-x86_64_arm-linux-gnueabihf/bin/../libexec/gcc/arm-linux-gnueabihf/5.3.1/collect2] ==> ignore
    arg [-plugin] ==> ignore
    arg [/usr/local/arm/gcc-linaro-5.3-2016.02-x86_64_arm-linux-gnueabihf/bin/../libexec/gcc/arm-linux-gnueabihf/5.3.1/liblto_plugin.so] ==> ignore
    arg [-plugin-opt=/usr/local/arm/gcc-linaro-5.3-2016.02-x86_64_arm-linux-gnueabihf/bin/../libexec/gcc/arm-linux-gnueabihf/5.3.1/lto-wrapper] ==> ignore
    arg [-plugin-opt=-fresolution=/tmp/ccTeR7iS.res] ==> ignore
    arg [-plugin-opt=-pass-through=-lgcc] ==> ignore
    arg [-plugin-opt=-pass-through=-lgcc_s] ==> ignore
    arg [-plugin-opt=-pass-through=-lc] ==> ignore
    arg [-plugin-opt=-pass-through=-lgcc] ==> ignore
    arg [-plugin-opt=-pass-through=-lgcc_s] ==> ignore
    arg [--sysroot=/usr/local/arm/gcc-linaro-5.3-2016.02-x86_64_arm-linux-gnueabihf/bin/../arm-linux-gnueabihf/libc] ==> ignore
    arg [--build-id] ==> ignore
    arg [--eh-frame-hdr] ==> ignore
    arg [-export-dynamic] ==> ignore
    arg [-dynamic-linker] ==> ignore
    arg [/lib/ld-linux-armhf.so.3] ==> ignore
    arg [-X] ==> ignore
    arg [-m] ==> ignore
    arg [armelf_linux_eabi] ==> ignore
    arg [-o] ==> ignore
    arg [cmTC_b99e8] ==> ignore
    arg [/usr/local/arm/gcc-linaro-5.3-2016.02-x86_64_arm-linux-gnueabihf/bin/../arm-linux-gnueabihf/libc/usr/lib/crt1.o] ==> obj [/usr/local/arm/gcc-linaro-5.3-2016.02-x86_64_arm-linux-gnueabihf/bin/../arm-linux-gnueabihf/libc/usr/lib/crt1.o]
    arg [/usr/local/arm/gcc-linaro-5.3-2016.02-x86_64_arm-linux-gnueabihf/bin/../arm-linux-gnueabihf/libc/usr/lib/crti.o] ==> obj [/usr/local/arm/gcc-linaro-5.3-2016.02-x86_64_arm-linux-gnueabihf/bin/../arm-linux-gnueabihf/libc/usr/lib/crti.o]
    arg [/usr/local/arm/gcc-linaro-5.3-2016.02-x86_64_arm-linux-gnueabihf/bin/../lib/gcc/arm-linux-gnueabihf/5.3.1/crtbegin.o] ==> obj [/usr/local/arm/gcc-linaro-5.3-2016.02-x86_64_arm-linux-gnueabihf/bin/../lib/gcc/arm-linux-gnueabihf/5.3.1/crtbegin.o]
    arg [-L/usr/local/arm/gcc-linaro-5.3-2016.02-x86_64_arm-linux-gnueabihf/bin/../lib/gcc/arm-linux-gnueabihf/5.3.1] ==> dir [/usr/local/arm/gcc-linaro-5.3-2016.02-x86_64_arm-linux-gnueabihf/bin/../lib/gcc/arm-linux-gnueabihf/5.3.1]
    arg [-L/usr/local/arm/gcc-linaro-5.3-2016.02-x86_64_arm-linux-gnueabihf/bin/../lib/gcc/arm-linux-gnueabihf] ==> dir [/usr/local/arm/gcc-linaro-5.3-2016.02-x86_64_arm-linux-gnueabihf/bin/../lib/gcc/arm-linux-gnueabihf]
    arg [-L/usr/local/arm/gcc-linaro-5.3-2016.02-x86_64_arm-linux-gnueabihf/bin/../lib/gcc] ==> dir [/usr/local/arm/gcc-linaro-5.3-2016.02-x86_64_arm-linux-gnueabihf/bin/../lib/gcc]
    arg [-L/usr/local/arm/gcc-linaro-5.3-2016.02-x86_64_arm-linux-gnueabihf/bin/../lib/gcc/arm-linux-gnueabihf/5.3.1/../../../../arm-linux-gnueabihf/lib] ==> dir [/usr/local/arm/gcc-linaro-5.3-2016.02-x86_64_arm-linux-gnueabihf/bin/../lib/gcc/arm-linux-gnueabihf/5.3.1/../../../../arm-linux-gnueabihf/lib]
    arg [-L/usr/local/arm/gcc-linaro-5.3-2016.02-x86_64_arm-linux-gnueabihf/bin/../arm-linux-gnueabihf/libc/lib] ==> dir [/usr/local/arm/gcc-linaro-5.3-2016.02-x86_64_arm-linux-gnueabihf/bin/../arm-linux-gnueabihf/libc/lib]
    arg [-L/usr/local/arm/gcc-linaro-5.3-2016.02-x86_64_arm-linux-gnueabihf/bin/../arm-linux-gnueabihf/libc/usr/lib] ==> dir [/usr/local/arm/gcc-linaro-5.3-2016.02-x86_64_arm-linux-gnueabihf/bin/../arm-linux-gnueabihf/libc/usr/lib]
    arg [CMakeFiles/cmTC_b99e8.dir/CMakeCCompilerABI.c.o] ==> ignore
    arg [-lgcc] ==> lib [gcc]
    arg [--as-needed] ==> ignore
    arg [-lgcc_s] ==> lib [gcc_s]
    arg [--no-as-needed] ==> ignore
    arg [-lc] ==> lib [c]
    arg [-lgcc] ==> lib [gcc]
    arg [--as-needed] ==> ignore
    arg [-lgcc_s] ==> lib [gcc_s]
    arg [--no-as-needed] ==> ignore
    arg [/usr/local/arm/gcc-linaro-5.3-2016.02-x86_64_arm-linux-gnueabihf/bin/../lib/gcc/arm-linux-gnueabihf/5.3.1/crtend.o] ==> obj [/usr/local/arm/gcc-linaro-5.3-2016.02-x86_64_arm-linux-gnueabihf/bin/../lib/gcc/arm-linux-gnueabihf/5.3.1/crtend.o]
    arg [/usr/local/arm/gcc-linaro-5.3-2016.02-x86_64_arm-linux-gnueabihf/bin/../arm-linux-gnueabihf/libc/usr/lib/crtn.o] ==> obj [/usr/local/arm/gcc-linaro-5.3-2016.02-x86_64_arm-linux-gnueabihf/bin/../arm-linux-gnueabihf/libc/usr/lib/crtn.o]
  collapse obj [/usr/local/arm/gcc-linaro-5.3-2016.02-x86_64_arm-linux-gnueabihf/bin/../arm-linux-gnueabihf/libc/usr/lib/crt1.o] ==> [/usr/local/arm/gcc-linaro-5.3-2016.02-x86_64_arm-linux-gnueabihf/arm-linux-gnueabihf/libc/usr/lib/crt1.o]
  collapse obj [/usr/local/arm/gcc-linaro-5.3-2016.02-x86_64_arm-linux-gnueabihf/bin/../arm-linux-gnueabihf/libc/usr/lib/crti.o] ==> [/usr/local/arm/gcc-linaro-5.3-2016.02-x86_64_arm-linux-gnueabihf/arm-linux-gnueabihf/libc/usr/lib/crti.o]
  collapse obj [/usr/local/arm/gcc-linaro-5.3-2016.02-x86_64_arm-linux-gnueabihf/bin/../lib/gcc/arm-linux-gnueabihf/5.3.1/crtbegin.o] ==> [/usr/local/arm/gcc-linaro-5.3-2016.02-x86_64_arm-linux-gnueabihf/lib/gcc/arm-linux-gnueabihf/5.3.1/crtbegin.o]
  collapse obj [/usr/local/arm/gcc-linaro-5.3-2016.02-x86_64_arm-linux-gnueabihf/bin/../lib/gcc/arm-linux-gnueabihf/5.3.1/crtend.o] ==> [/usr/local/arm/gcc-linaro-5.3-2016.02-x86_64_arm-linux-gnueabihf/lib/gcc/arm-linux-gnueabihf/5.3.1/crtend.o]
  collapse obj [/usr/local/arm/gcc-linaro-5.3-2016.02-x86_64_arm-linux-gnueabihf/bin/../arm-linux-gnueabihf/libc/usr/lib/crtn.o] ==> [/usr/local/arm/gcc-linaro-5.3-2016.02-x86_64_arm-linux-gnueabihf/arm-linux-gnueabihf/libc/usr/lib/crtn.o]
  collapse library dir [/usr/local/arm/gcc-linaro-5.3-2016.02-x86_64_arm-linux-gnueabihf/bin/../lib/gcc/arm-linux-gnueabihf/5.3.1] ==> [/usr/local/arm/gcc-linaro-5.3-2016.02-x86_64_arm-linux-gnueabihf/lib/gcc/arm-linux-gnueabihf/5.3.1]
  collapse library dir [/usr/local/arm/gcc-linaro-5.3-2016.02-x86_64_arm-linux-gnueabihf/bin/../lib/gcc/arm-linux-gnueabihf] ==> [/usr/local/arm/gcc-linaro-5.3-2016.02-x86_64_arm-linux-gnueabihf/lib/gcc/arm-linux-gnueabihf]
  collapse library dir [/usr/local/arm/gcc-linaro-5.3-2016.02-x86_64_arm-linux-gnueabihf/bin/../lib/gcc] ==> [/usr/local/arm/gcc-linaro-5.3-2016.02-x86_64_arm-linux-gnueabihf/lib/gcc]
  collapse library dir [/usr/local/arm/gcc-linaro-5.3-2016.02-x86_64_arm-linux-gnueabihf/bin/../lib/gcc/arm-linux-gnueabihf/5.3.1/../../../../arm-linux-gnueabihf/lib] ==> [/usr/local/arm/gcc-linaro-5.3-2016.02-x86_64_arm-linux-gnueabihf/arm-linux-gnueabihf/lib]
  collapse library dir [/usr/local/arm/gcc-linaro-5.3-2016.02-x86_64_arm-linux-gnueabihf/bin/../arm-linux-gnueabihf/libc/lib] ==> [/usr/local/arm/gcc-linaro-5.3-2016.02-x86_64_arm-linux-gnueabihf/arm-linux-gnueabihf/libc/lib]
  collapse library dir [/usr/local/arm/gcc-linaro-5.3-2016.02-x86_64_arm-linux-gnueabihf/bin/../arm-linux-gnueabihf/libc/usr/lib] ==> [/usr/local/arm/gcc-linaro-5.3-2016.02-x86_64_arm-linux-gnueabihf/arm-linux-gnueabihf/libc/usr/lib]
  implicit libs: [gcc;gcc_s;c;gcc;gcc_s]
  implicit objs: [/usr/local/arm/gcc-linaro-5.3-2016.02-x86_64_arm-linux-gnueabihf/arm-linux-gnueabihf/libc/usr/lib/crt1.o;/usr/local/arm/gcc-linaro-5.3-2016.02-x86_64_arm-linux-gnueabihf/arm-linux-gnueabihf/libc/usr/lib/crti.o;/usr/local/arm/gcc-linaro-5.3-2016.02-x86_64_arm-linux-gnueabihf/lib/gcc/arm-linux-gnueabihf/5.3.1/crtbegin.o;/usr/local/arm/gcc-linaro-5.3-2016.02-x86_64_arm-linux-gnueabihf/lib/gcc/arm-linux-gnueabihf/5.3.1/crtend.o;/usr/local/arm/gcc-linaro-5.3-2016.02-x86_64_arm-linux-gnueabihf/arm-linux-gnueabihf/libc/usr/lib/crtn.o]
  implicit dirs: [/usr/local/arm/gcc-linaro-5.3-2016.02-x86_64_arm-linux-gnueabihf/lib/gcc/arm-linux-gnueabihf/5.3.1;/usr/local/arm/gcc-linaro-5.3-2016.02-x86_64_arm-linux-gnueabihf/lib/gcc/arm-linux-gnueabihf;/usr/local/arm/gcc-linaro-5.3-2016.02-x86_64_arm-linux-gnueabihf/lib/gcc;/usr/local/arm/gcc-linaro-5.3-2016.02-x86_64_arm-linux-gnueabihf/arm-linux-gnueabihf/lib;/usr/local/arm/gcc-linaro-5.3-2016.02-x86_64_arm-linux-gnueabihf/arm-linux-gnueabihf/libc/lib;/usr/local/arm/gcc-linaro-5.3-2016.02-x86_64_arm-linux-gnueabihf/arm-linux-gnueabihf/libc/usr/lib]
  implicit fwks: []


Detecting CXX compiler ABI info compiled with the following output:
Change Dir: /home/ubuntu/ProgramWorks/MyDesign/real-kernel/build/CMakeFiles/CMakeTmp

Run Build Command(s):/usr/bin/gmake -f Makefile cmTC_6cc10/fast && /usr/bin/gmake  -f CMakeFiles/cmTC_6cc10.dir/build.make CMakeFiles/cmTC_6cc10.dir/build
gmake[1]: Entering directory '/home/ubuntu/ProgramWorks/MyDesign/real-kernel/build/CMakeFiles/CMakeTmp'
Building CXX object CMakeFiles/cmTC_6cc10.dir/CMakeCXXCompilerABI.cpp.o
/usr/local/arm/gcc-linaro-5.3-2016.02-x86_64_arm-linux-gnueabihf/bin/arm-linux-gnueabihf-g++   -v -o CMakeFiles/cmTC_6cc10.dir/CMakeCXXCompilerABI.cpp.o -c /usr/share/cmake-3.22/Modules/CMakeCXXCompilerABI.cpp
Using built-in specs.
COLLECT_GCC=/usr/local/arm/gcc-linaro-5.3-2016.02-x86_64_arm-linux-gnueabihf/bin/arm-linux-gnueabihf-g++
Target: arm-linux-gnueabihf
Configured with: /home/tcwg-buildslave/workspace/tcwg-make-release/label/tcwg-x86_64-ex40/target/arm-linux-gnueabihf/snapshots/gcc-linaro-5.3-2016.02/configure SHELL=/bin/bash --with-bugurl=https://bugs.linaro.org --with-mpc=/home/tcwg-buildslave/workspace/tcwg-make-release/label/tcwg-x86_64-ex40/target/arm-linux-gnueabihf/_build/builds/destdir/x86_64-unknown-linux-gnu --with-mpfr=/home/tcwg-buildslave/workspace/tcwg-make-release/label/tcwg-x86_64-ex40/target/arm-linux-gnueabihf/_build/builds/destdir/x86_64-unknown-linux-gnu --with-gmp=/home/tcwg-buildslave/workspace/tcwg-make-release/label/tcwg-x86_64-ex40/target/arm-linux-gnueabihf/_build/builds/destdir/x86_64-unknown-linux-gnu --with-gnu-as --with-gnu-ld --disable-libstdcxx-pch --disable-libmudflap --with-cloog=no --with-ppl=no --with-isl=no --disable-nls --enable-c99 --with-tune=cortex-a9 --with-arch=armv7-a --with-fpu=vfpv3-d16 --with-float=hard --with-mode=thumb --disable-multilib --enable-multiarch --with-build-sysroot=/home/tcwg-buildslave/workspace/tcwg-make-release/label/tcwg-x86_64-ex40/target/arm-linux-gnueabihf/_build/sysroots/arm-linux-gnueabihf --enable-lto --enable-linker-build-id --enable-long-long --enable-shared --with-sysroot=/home/tcwg-buildslave/workspace/tcwg-make-release/label/tcwg-x86_64-ex40/target/arm-linux-gnueabihf/_build/builds/destdir/x86_64-unknown-linux-gnu/arm-linux-gnueabihf/libc --enable-languages=c,c++,fortran,lto --enable-checking=release --disable-bootstrap --with-bugurl=https://bugs.linaro.org --build=x86_64-unknown-linux-gnu --host=x86_64-unknown-linux-gnu --target=arm-linux-gnueabihf --prefix=/home/tcwg-buildslave/workspace/tcwg-make-release/label/tcwg-x86_64-ex40/target/arm-linux-gnueabihf/_build/builds/destdir/x86_64-unknown-linux-gnu
Thread model: posix
gcc version 5.3.1 20160113 (Linaro GCC 5.3-2016.02) 
COLLECT_GCC_OPTIONS='-v' '-o' 'CMakeFiles/cmTC_6cc10.dir/CMakeCXXCompilerABI.cpp.o' '-c' '-shared-libgcc' '-march=armv7-a' '-mtune=cortex-a9' '-mfloat-abi=hard' '-mfpu=vfpv3-d16' '-mthumb' '-mtls-dialect=gnu'
 /usr/local/arm/gcc-linaro-5.3-2016.02-x86_64_arm-linux-gnueabihf/bin/../libexec/gcc/arm-linux-gnueabihf/5.3.1/cc1plus -quiet -v -imultilib . -imultiarch arm-linux-gnueabihf -iprefix /usr/local/arm/gcc-linaro-5.3-2016.02-x86_64_arm-linux-gnueabihf/bin/../lib/gcc/arm-linux-gnueabihf/5.3.1/ -isysroot /usr/local/arm/gcc-linaro-5.3-2016.02-x86_64_arm-linux-gnueabihf/bin/../arm-linux-gnueabihf/libc -D_GNU_SOURCE /usr/share/cmake-3.22/Modules/CMakeCXXCompilerABI.cpp -quiet -dumpbase CMakeCXXCompilerABI.cpp -march=armv7-a -mtune=cortex-a9 -mfloat-abi=hard -mfpu=vfpv3-d16 -mthumb -mtls-dialect=gnu -auxbase-strip CMakeFiles/cmTC_6cc10.dir/CMakeCXXCompilerABI.cpp.o -version -o /tmp/ccJFygpf.s
GNU C++ (Linaro GCC 5.3-2016.02) version 5.3.1 20160113 (arm-linux-gnueabihf)
	compiled by GNU C version 4.9.2, GMP version 6.0.0, MPFR version 3.1.3, MPC version 1.0.3
GGC heuristics: --param ggc-min-expand=100 --param ggc-min-heapsize=131072
ignoring duplicate directory "/usr/local/arm/gcc-linaro-5.3-2016.02-x86_64_arm-linux-gnueabihf/bin/../lib/gcc/../../lib/gcc/arm-linux-gnueabihf/5.3.1/../../../../arm-linux-gnueabihf/include/c++/5.3.1"
ignoring duplicate directory "/usr/local/arm/gcc-linaro-5.3-2016.02-x86_64_arm-linux-gnueabihf/bin/../lib/gcc/../../lib/gcc/arm-linux-gnueabihf/5.3.1/../../../../arm-linux-gnueabihf/include/c++/5.3.1/arm-linux-gnueabihf/."
ignoring duplicate directory "/usr/local/arm/gcc-linaro-5.3-2016.02-x86_64_arm-linux-gnueabihf/bin/../lib/gcc/../../lib/gcc/arm-linux-gnueabihf/5.3.1/../../../../arm-linux-gnueabihf/include/c++/5.3.1/backward"
ignoring duplicate directory "/usr/local/arm/gcc-linaro-5.3-2016.02-x86_64_arm-linux-gnueabihf/bin/../lib/gcc/../../lib/gcc/arm-linux-gnueabihf/5.3.1/include"
ignoring nonexistent directory "/usr/local/arm/gcc-linaro-5.3-2016.02-x86_64_arm-linux-gnueabihf/bin/../arm-linux-gnueabihf/libc/usr/local/include/arm-linux-gnueabihf"
ignoring nonexistent directory "/usr/local/arm/gcc-linaro-5.3-2016.02-x86_64_arm-linux-gnueabihf/bin/../arm-linux-gnueabihf/libc/usr/local/include"
ignoring duplicate directory "/usr/local/arm/gcc-linaro-5.3-2016.02-x86_64_arm-linux-gnueabihf/bin/../lib/gcc/../../lib/gcc/arm-linux-gnueabihf/5.3.1/include-fixed"
ignoring duplicate directory "/usr/local/arm/gcc-linaro-5.3-2016.02-x86_64_arm-linux-gnueabihf/bin/../lib/gcc/../../lib/gcc/arm-linux-gnueabihf/5.3.1/../../../../arm-linux-gnueabihf/include"
ignoring nonexistent directory "/usr/local/arm/gcc-linaro-5.3-2016.02-x86_64_arm-linux-gnueabihf/bin/../arm-linux-gnueabihf/libc/usr/include/arm-linux-gnueabihf"
#include "..." search starts here:
#include <...> search starts here:
 /usr/local/arm/gcc-linaro-5.3-2016.02-x86_64_arm-linux-gnueabihf/bin/../lib/gcc/arm-linux-gnueabihf/5.3.1/../../../../arm-linux-gnueabihf/include/c++/5.3.1
 /usr/local/arm/gcc-linaro-5.3-2016.02-x86_64_arm-linux-gnueabihf/bin/../lib/gcc/arm-linux-gnueabihf/5.3.1/../../../../arm-linux-gnueabihf/include/c++/5.3.1/arm-linux-gnueabihf/.
 /usr/local/arm/gcc-linaro-5.3-2016.02-x86_64_arm-linux-gnueabihf/bin/../lib/gcc/arm-linux-gnueabihf/5.3.1/../../../../arm-linux-gnueabihf/include/c++/5.3.1/backward
 /usr/local/arm/gcc-linaro-5.3-2016.02-x86_64_arm-linux-gnueabihf/bin/../lib/gcc/arm-linux-gnueabihf/5.3.1/include
 /usr/local/arm/gcc-linaro-5.3-2016.02-x86_64_arm-linux-gnueabihf/bin/../lib/gcc/arm-linux-gnueabihf/5.3.1/include-fixed
 /usr/local/arm/gcc-linaro-5.3-2016.02-x86_64_arm-linux-gnueabihf/bin/../lib/gcc/arm-linux-gnueabihf/5.3.1/../../../../arm-linux-gnueabihf/include
 /usr/local/arm/gcc-linaro-5.3-2016.02-x86_64_arm-linux-gnueabihf/bin/../arm-linux-gnueabihf/libc/usr/include
End of search list.
GNU C++ (Linaro GCC 5.3-2016.02) version 5.3.1 20160113 (arm-linux-gnueabihf)
	compiled by GNU C version 4.9.2, GMP version 6.0.0, MPFR version 3.1.3, MPC version 1.0.3
GGC heuristics: --param ggc-min-expand=100 --param ggc-min-heapsize=131072
Compiler executable checksum: 4b3d07c99fe56c15e86ae2629fb94090
COLLECT_GCC_OPTIONS='-v' '-o' 'CMakeFiles/cmTC_6cc10.dir/CMakeCXXCompilerABI.cpp.o' '-c' '-shared-libgcc' '-march=armv7-a' '-mtune=cortex-a9' '-mfloat-abi=hard' '-mfpu=vfpv3-d16' '-mthumb' '-mtls-dialect=gnu'
 /usr/local/arm/gcc-linaro-5.3-2016.02-x86_64_arm-linux-gnueabihf/bin/../lib/gcc/arm-linux-gnueabihf/5.3.1/../../../../arm-linux-gnueabihf/bin/as -v -march=armv7-a -mfloat-abi=hard -mfpu=vfpv3-d16 -meabi=5 -o CMakeFiles/cmTC_6cc10.dir/CMakeCXXCompilerABI.cpp.o /tmp/ccJFygpf.s
GNU assembler version 2.25.0 (arm-linux-gnueabihf) using BFD version (GNU Binutils) 2.25.0 Linaro 2015_10
COMPILER_PATH=/usr/local/arm/gcc-linaro-5.3-2016.02-x86_64_arm-linux-gnueabihf/bin/../libexec/gcc/arm-linux-gnueabihf/5.3.1/:/usr/local/arm/gcc-linaro-5.3-2016.02-x86_64_arm-linux-gnueabihf/bin/../libexec/gcc/arm-linux-gnueabihf/:/usr/local/arm/gcc-linaro-5.3-2016.02-x86_64_arm-linux-gnueabihf/bin/../libexec/gcc/:/usr/local/arm/gcc-linaro-5.3-2016.02-x86_64_arm-linux-gnueabihf/bin/../lib/gcc/arm-linux-gnueabihf/5.3.1/../../../../arm-linux-gnueabihf/bin/
LIBRARY_PATH=/usr/local/arm/gcc-linaro-5.3-2016.02-x86_64_arm-linux-gnueabihf/bin/../lib/gcc/arm-linux-gnueabihf/5.3.1/:/usr/local/arm/gcc-linaro-5.3-2016.02-x86_64_arm-linux-gnueabihf/bin/../lib/gcc/arm-linux-gnueabihf/:/usr/local/arm/gcc-linaro-5.3-2016.02-x86_64_arm-linux-gnueabihf/bin/../lib/gcc/:/usr/local/arm/gcc-linaro-5.3-2016.02-x86_64_arm-linux-gnueabihf/bin/../lib/gcc/arm-linux-gnueabihf/5.3.1/../../../../arm-linux-gnueabihf/lib/:/usr/local/arm/gcc-linaro-5.3-2016.02-x86_64_arm-linux-gnueabihf/bin/../arm-linux-gnueabihf/libc/lib/:/usr/local/arm/gcc-linaro-5.3-2016.02-x86_64_arm-linux-gnueabihf/bin/../arm-linux-gnueabihf/libc/usr/lib/
COLLECT_GCC_OPTIONS='-v' '-o' 'CMakeFiles/cmTC_6cc10.dir/CMakeCXXCompilerABI.cpp.o' '-c' '-shared-libgcc' '-march=armv7-a' '-mtune=cortex-a9' '-mfloat-abi=hard' '-mfpu=vfpv3-d16' '-mthumb' '-mtls-dialect=gnu'
Linking CXX executable cmTC_6cc10
/usr/bin/cmake -E cmake_link_script CMakeFiles/cmTC_6cc10.dir/link.txt --verbose=1
/usr/local/arm/gcc-linaro-5.3-2016.02-x86_64_arm-linux-gnueabihf/bin/arm-linux-gnueabihf-g++  -v -rdynamic CMakeFiles/cmTC_6cc10.dir/CMakeCXXCompilerABI.cpp.o -o cmTC_6cc10 
Using built-in specs.
COLLECT_GCC=/usr/local/arm/gcc-linaro-5.3-2016.02-x86_64_arm-linux-gnueabihf/bin/arm-linux-gnueabihf-g++
COLLECT_LTO_WRAPPER=/usr/local/arm/gcc-linaro-5.3-2016.02-x86_64_arm-linux-gnueabihf/bin/../libexec/gcc/arm-linux-gnueabihf/5.3.1/lto-wrapper
Target: arm-linux-gnueabihf
Configured with: /home/tcwg-buildslave/workspace/tcwg-make-release/label/tcwg-x86_64-ex40/target/arm-linux-gnueabihf/snapshots/gcc-linaro-5.3-2016.02/configure SHELL=/bin/bash --with-bugurl=https://bugs.linaro.org --with-mpc=/home/tcwg-buildslave/workspace/tcwg-make-release/label/tcwg-x86_64-ex40/target/arm-linux-gnueabihf/_build/builds/destdir/x86_64-unknown-linux-gnu --with-mpfr=/home/tcwg-buildslave/workspace/tcwg-make-release/label/tcwg-x86_64-ex40/target/arm-linux-gnueabihf/_build/builds/destdir/x86_64-unknown-linux-gnu --with-gmp=/home/tcwg-buildslave/workspace/tcwg-make-release/label/tcwg-x86_64-ex40/target/arm-linux-gnueabihf/_build/builds/destdir/x86_64-unknown-linux-gnu --with-gnu-as --with-gnu-ld --disable-libstdcxx-pch --disable-libmudflap --with-cloog=no --with-ppl=no --with-isl=no --disable-nls --enable-c99 --with-tune=cortex-a9 --with-arch=armv7-a --with-fpu=vfpv3-d16 --with-float=hard --with-mode=thumb --disable-multilib --enable-multiarch --with-build-sysroot=/home/tcwg-buildslave/workspace/tcwg-make-release/label/tcwg-x86_64-ex40/target/arm-linux-gnueabihf/_build/sysroots/arm-linux-gnueabihf --enable-lto --enable-linker-build-id --enable-long-long --enable-shared --with-sysroot=/home/tcwg-buildslave/workspace/tcwg-make-release/label/tcwg-x86_64-ex40/target/arm-linux-gnueabihf/_build/builds/destdir/x86_64-unknown-linux-gnu/arm-linux-gnueabihf/libc --enable-languages=c,c++,fortran,lto --enable-checking=release --disable-bootstrap --with-bugurl=https://bugs.linaro.org --build=x86_64-unknown-linux-gnu --host=x86_64-unknown-linux-gnu --target=arm-linux-gnueabihf --prefix=/home/tcwg-buildslave/workspace/tcwg-make-release/label/tcwg-x86_64-ex40/target/arm-linux-gnueabihf/_build/builds/destdir/x86_64-unknown-linux-gnu
Thread model: posix
gcc version 5.3.1 20160113 (Linaro GCC 5.3-2016.02) 
COMPILER_PATH=/usr/local/arm/gcc-linaro-5.3-2016.02-x86_64_arm-linux-gnueabihf/bin/../libexec/gcc/arm-linux-gnueabihf/5.3.1/:/usr/local/arm/gcc-linaro-5.3-2016.02-x86_64_arm-linux-gnueabihf/bin/../libexec/gcc/arm-linux-gnueabihf/:/usr/local/arm/gcc-linaro-5.3-2016.02-x86_64_arm-linux-gnueabihf/bin/../libexec/gcc/:/usr/local/arm/gcc-linaro-5.3-2016.02-x86_64_arm-linux-gnueabihf/bin/../lib/gcc/arm-linux-gnueabihf/5.3.1/../../../../arm-linux-gnueabihf/bin/
LIBRARY_PATH=/usr/local/arm/gcc-linaro-5.3-2016.02-x86_64_arm-linux-gnueabihf/bin/../lib/gcc/arm-linux-gnueabihf/5.3.1/:/usr/local/arm/gcc-linaro-5.3-2016.02-x86_64_arm-linux-gnueabihf/bin/../lib/gcc/arm-linux-gnueabihf/:/usr/local/arm/gcc-linaro-5.3-2016.02-x86_64_arm-linux-gnueabihf/bin/../lib/gcc/:/usr/local/arm/gcc-linaro-5.3-2016.02-x86_64_arm-linux-gnueabihf/bin/../lib/gcc/arm-linux-gnueabihf/5.3.1/../../../../arm-linux-gnueabihf/lib/:/usr/local/arm/gcc-linaro-5.3-2016.02-x86_64_arm-linux-gnueabihf/bin/../arm-linux-gnueabihf/libc/lib/:/usr/local/arm/gcc-linaro-5.3-2016.02-x86_64_arm-linux-gnueabihf/bin/../arm-linux-gnueabihf/libc/usr/lib/
COLLECT_GCC_OPTIONS='-v' '-rdynamic' '-o' 'cmTC_6cc10' '-shared-libgcc' '-march=armv7-a' '-mtune=cortex-a9' '-mfloat-abi=hard' '-mfpu=vfpv3-d16' '-mthumb' '-mtls-dialect=gnu'
 /usr/local/arm/gcc-linaro-5.3-2016.02-x86_64_arm-linux-gnueabihf/bin/../libexec/gcc/arm-linux-gnueabihf/5.3.1/collect2 -plugin /usr/local/arm/gcc-linaro-5.3-2016.02-x86_64_arm-linux-gnueabihf/bin/../libexec/gcc/arm-linux-gnueabihf/5.3.1/liblto_plugin.so -plugin-opt=/usr/local/arm/gcc-linaro-5.3-2016.02-x86_64_arm-linux-gnueabihf/bin/../libexec/gcc/arm-linux-gnueabihf/5.3.1/lto-wrapper -plugin-opt=-fresolution=/tmp/ccu3Xjwz.res -plugin-opt=-pass-through=-lgcc_s -plugin-opt=-pass-through=-lgcc -plugin-opt=-pass-through=-lc -plugin-opt=-pass-through=-lgcc_s -plugin-opt=-pass-through=-lgcc --sysroot=/usr/local/arm/gcc-linaro-5.3-2016.02-x86_64_arm-linux-gnueabihf/bin/../arm-linux-gnueabihf/libc --build-id --eh-frame-hdr -export-dynamic -dynamic-linker /lib/ld-linux-armhf.so.3 -X -m armelf_linux_eabi -o cmTC_6cc10 /usr/local/arm/gcc-linaro-5.3-2016.02-x86_64_arm-linux-gnueabihf/bin/../arm-linux-gnueabihf/libc/usr/lib/crt1.o /usr/local/arm/gcc-linaro-5.3-2016.02-x86_64_arm-linux-gnueabihf/bin/../arm-linux-gnueabihf/libc/usr/lib/crti.o /usr/local/arm/gcc-linaro-5.3-2016.02-x86_64_arm-linux-gnueabihf/bin/../lib/gcc/arm-linux-gnueabihf/5.3.1/crtbegin.o -L/usr/local/arm/gcc-linaro-5.3-2016.02-x86_64_arm-linux-gnueabihf/bin/../lib/gcc/arm-linux-gnueabihf/5.3.1 -L/usr/local/arm/gcc-linaro-5.3-2016.02-x86_64_arm-linux-gnueabihf/bin/../lib/gcc/arm-linux-gnueabihf -L/usr/local/arm/gcc-linaro-5.3-2016.02-x86_64_arm-linux-gnueabihf/bin/../lib/gcc -L/usr/local/arm/gcc-linaro-5.3-2016.02-x86_64_arm-linux-gnueabihf/bin/../lib/gcc/arm-linux-gnueabihf/5.3.1/../../../../arm-linux-gnueabihf/lib -L/usr/local/arm/gcc-linaro-5.3-2016.02-x86_64_arm-linux-gnueabihf/bin/../arm-linux-gnueabihf/libc/lib -L/usr/local/arm/gcc-linaro-5.3-2016.02-x86_64_arm-linux-gnueabihf/bin/../arm-linux-gnueabihf/libc/usr/lib CMakeFiles/cmTC_6cc10.dir/CMakeCXXCompilerABI.cpp.o -lstdc++ -lm -lgcc_s -lgcc -lc -lgcc_s -lgcc /usr/local/arm/gcc-linaro-5.3-2016.02-x86_64_arm-linux-gnueabihf/bin/../lib/gcc/arm-linux-gnueabihf/5.3.1/crtend.o /usr/local/arm/gcc-linaro-5.3-2016.02-x86_64_arm-linux-gnueabihf/bin/../arm-linux-gnueabihf/libc/usr/lib/crtn.o
gmake[1]: Leaving directory '/home/ubuntu/ProgramWorks/MyDesign/real-kernel/build/CMakeFiles/CMakeTmp'



Parsed CXX implicit include dir info from above output: rv=done
  found start of include info
  found start of implicit include info
    add: [/usr/local/arm/gcc-linaro-5.3-2016.02-x86_64_arm-linux-gnueabihf/bin/../lib/gcc/arm-linux-gnueabihf/5.3.1/../../../../arm-linux-gnueabihf/include/c++/5.3.1]
    add: [/usr/local/arm/gcc-linaro-5.3-2016.02-x86_64_arm-linux-gnueabihf/bin/../lib/gcc/arm-linux-gnueabihf/5.3.1/../../../../arm-linux-gnueabihf/include/c++/5.3.1/arm-linux-gnueabihf/.]
    add: [/usr/local/arm/gcc-linaro-5.3-2016.02-x86_64_arm-linux-gnueabihf/bin/../lib/gcc/arm-linux-gnueabihf/5.3.1/../../../../arm-linux-gnueabihf/include/c++/5.3.1/backward]
    add: [/usr/local/arm/gcc-linaro-5.3-2016.02-x86_64_arm-linux-gnueabihf/bin/../lib/gcc/arm-linux-gnueabihf/5.3.1/include]
    add: [/usr/local/arm/gcc-linaro-5.3-2016.02-x86_64_arm-linux-gnueabihf/bin/../lib/gcc/arm-linux-gnueabihf/5.3.1/include-fixed]
    add: [/usr/local/arm/gcc-linaro-5.3-2016.02-x86_64_arm-linux-gnueabihf/bin/../lib/gcc/arm-linux-gnueabihf/5.3.1/../../../../arm-linux-gnueabihf/include]
    add: [/usr/local/arm/gcc-linaro-5.3-2016.02-x86_64_arm-linux-gnueabihf/bin/../arm-linux-gnueabihf/libc/usr/include]
  end of search list found
  collapse include dir [/usr/local/arm/gcc-linaro-5.3-2016.02-x86_64_arm-linux-gnueabihf/bin/../lib/gcc/arm-linux-gnueabihf/5.3.1/../../../../arm-linux-gnueabihf/include/c++/5.3.1] ==> [/usr/local/arm/gcc-linaro-5.3-2016.02-x86_64_arm-linux-gnueabihf/arm-linux-gnueabihf/include/c++/5.3.1]
  collapse include dir [/usr/local/arm/gcc-linaro-5.3-2016.02-x86_64_arm-linux-gnueabihf/bin/../lib/gcc/arm-linux-gnueabihf/5.3.1/../../../../arm-linux-gnueabihf/include/c++/5.3.1/arm-linux-gnueabihf/.] ==> [/usr/local/arm/gcc-linaro-5.3-2016.02-x86_64_arm-linux-gnueabihf/arm-linux-gnueabihf/include/c++/5.3.1/arm-linux-gnueabihf]
  collapse include dir [/usr/local/arm/gcc-linaro-5.3-2016.02-x86_64_arm-linux-gnueabihf/bin/../lib/gcc/arm-linux-gnueabihf/5.3.1/../../../../arm-linux-gnueabihf/include/c++/5.3.1/backward] ==> [/usr/local/arm/gcc-linaro-5.3-2016.02-x86_64_arm-linux-gnueabihf/arm-linux-gnueabihf/include/c++/5.3.1/backward]
  collapse include dir [/usr/local/arm/gcc-linaro-5.3-2016.02-x86_64_arm-linux-gnueabihf/bin/../lib/gcc/arm-linux-gnueabihf/5.3.1/include] ==> [/usr/local/arm/gcc-linaro-5.3-2016.02-x86_64_arm-linux-gnueabihf/lib/gcc/arm-linux-gnueabihf/5.3.1/include]
  collapse include dir [/usr/local/arm/gcc-linaro-5.3-2016.02-x86_64_arm-linux-gnueabihf/bin/../lib/gcc/arm-linux-gnueabihf/5.3.1/include-fixed] ==> [/usr/local/arm/gcc-linaro-5.3-2016.02-x86_64_arm-linux-gnueabihf/lib/gcc/arm-linux-gnueabihf/5.3.1/include-fixed]
  collapse include dir [/usr/local/arm/gcc-linaro-5.3-2016.02-x86_64_arm-linux-gnueabihf/bin/../lib/gcc/arm-linux-gnueabihf/5.3.1/../../../../arm-linux-gnueabihf/include] ==> [/usr/local/arm/gcc-linaro-5.3-2016.02-x86_64_arm-linux-gnueabihf/arm-linux-gnueabihf/include]
  collapse include dir [/usr/local/arm/gcc-linaro-5.3-2016.02-x86_64_arm-linux-gnueabihf/bin/../arm-linux-gnueabihf/libc/usr/include] ==> [/usr/local/arm/gcc-linaro-5.3-2016.02-x86_64_arm-linux-gnueabihf/arm-linux-gnueabihf/libc/usr/include]
  implicit include dirs: [/usr/local/arm/gcc-linaro-5.3-2016.02-x86_64_arm-linux-gnueabihf/arm-linux-gnueabihf/include/c++/5.3.1;/usr/local/arm/gcc-linaro-5.3-2016.02-x86_64_arm-linux-gnueabihf/arm-linux-gnueabihf/include/c++/5.3.1/arm-linux-gnueabihf;/usr/local/arm/gcc-linaro-5.3-2016.02-x86_64_arm-linux-gnueabihf/arm-linux-gnueabihf/include/c++/5.3.1/backward;/usr/local/arm/gcc-linaro-5.3-2016.02-x86_64_arm-linux-gnueabihf/lib/gcc/arm-linux-gnueabihf/5.3.1/include;/usr/local/arm/gcc-linaro-5.3-2016.02-x86_64_arm-linux-gnueabihf/lib/gcc/arm-linux-gnueabihf/5.3.1/include-fixed;/usr/local/arm/gcc-linaro-5.3-2016.02-x86_64_arm-linux-gnueabihf/arm-linux-gnueabihf/include;/usr/local/arm/gcc-linaro-5.3-2016.02-x86_64_arm-linux-gnueabihf/arm-linux-gnueabihf/libc/usr/include]


Parsed CXX implicit link information from above output:
  link line regex: [^( *|.*[/\])(arm-linux-gnueabihf-ld|CMAKE_LINK_STARTFILE-NOTFOUND|([^/\]+-)?ld|collect2)[^/\]*( |$)]
  ignore line: [Change Dir: /home/ubuntu/ProgramWorks/MyDesign/real-kernel/build/CMakeFiles/CMakeTmp]
  ignore line: []
  ignore line: [Run Build Command(s):/usr/bin/gmake -f Makefile cmTC_6cc10/fast && /usr/bin/gmake  -f CMakeFiles/cmTC_6cc10.dir/build.make CMakeFiles/cmTC_6cc10.dir/build]
  ignore line: [gmake[1]: Entering directory '/home/ubuntu/ProgramWorks/MyDesign/real-kernel/build/CMakeFiles/CMakeTmp']
  ignore line: [Building CXX object CMakeFiles/cmTC_6cc10.dir/CMakeCXXCompilerABI.cpp.o]
  ignore line: [/usr/local/arm/gcc-linaro-5.3-2016.02-x86_64_arm-linux-gnueabihf/bin/arm-linux-gnueabihf-g++   -v -o CMakeFiles/cmTC_6cc10.dir/CMakeCXXCompilerABI.cpp.o -c /usr/share/cmake-3.22/Modules/CMakeCXXCompilerABI.cpp]
  ignore line: [Using built-in specs.]
  ignore line: [COLLECT_GCC=/usr/local/arm/gcc-linaro-5.3-2016.02-x86_64_arm-linux-gnueabihf/bin/arm-linux-gnueabihf-g++]
  ignore line: [Target: arm-linux-gnueabihf]
  ignore line: [Configured with: /home/tcwg-buildslave/workspace/tcwg-make-release/label/tcwg-x86_64-ex40/target/arm-linux-gnueabihf/snapshots/gcc-linaro-5.3-2016.02/configure SHELL=/bin/bash --with-bugurl=https://bugs.linaro.org --with-mpc=/home/tcwg-buildslave/workspace/tcwg-make-release/label/tcwg-x86_64-ex40/target/arm-linux-gnueabihf/_build/builds/destdir/x86_64-unknown-linux-gnu --with-mpfr=/home/tcwg-buildslave/workspace/tcwg-make-release/label/tcwg-x86_64-ex40/target/arm-linux-gnueabihf/_build/builds/destdir/x86_64-unknown-linux-gnu --with-gmp=/home/tcwg-buildslave/workspace/tcwg-make-release/label/tcwg-x86_64-ex40/target/arm-linux-gnueabihf/_build/builds/destdir/x86_64-unknown-linux-gnu --with-gnu-as --with-gnu-ld --disable-libstdcxx-pch --disable-libmudflap --with-cloog=no --with-ppl=no --with-isl=no --disable-nls --enable-c99 --with-tune=cortex-a9 --with-arch=armv7-a --with-fpu=vfpv3-d16 --with-float=hard --with-mode=thumb --disable-multilib --enable-multiarch --with-build-sysroot=/home/tcwg-buildslave/workspace/tcwg-make-release/label/tcwg-x86_64-ex40/target/arm-linux-gnueabihf/_build/sysroots/arm-linux-gnueabihf --enable-lto --enable-linker-build-id --enable-long-long --enable-shared --with-sysroot=/home/tcwg-buildslave/workspace/tcwg-make-release/label/tcwg-x86_64-ex40/target/arm-linux-gnueabihf/_build/builds/destdir/x86_64-unknown-linux-gnu/arm-linux-gnueabihf/libc --enable-languages=c,c++,fortran,lto --enable-checking=release --disable-bootstrap --with-bugurl=https://bugs.linaro.org --build=x86_64-unknown-linux-gnu --host=x86_64-unknown-linux-gnu --target=arm-linux-gnueabihf --prefix=/home/tcwg-buildslave/workspace/tcwg-make-release/label/tcwg-x86_64-ex40/target/arm-linux-gnueabihf/_build/builds/destdir/x86_64-unknown-linux-gnu]
  ignore line: [Thread model: posix]
  ignore line: [gcc version 5.3.1 20160113 (Linaro GCC 5.3-2016.02) ]
  ignore line: [COLLECT_GCC_OPTIONS='-v' '-o' 'CMakeFiles/cmTC_6cc10.dir/CMakeCXXCompilerABI.cpp.o' '-c' '-shared-libgcc' '-march=armv7-a' '-mtune=cortex-a9' '-mfloat-abi=hard' '-mfpu=vfpv3-d16' '-mthumb' '-mtls-dialect=gnu']
  ignore line: [ /usr/local/arm/gcc-linaro-5.3-2016.02-x86_64_arm-linux-gnueabihf/bin/../libexec/gcc/arm-linux-gnueabihf/5.3.1/cc1plus -quiet -v -imultilib . -imultiarch arm-linux-gnueabihf -iprefix /usr/local/arm/gcc-linaro-5.3-2016.02-x86_64_arm-linux-gnueabihf/bin/../lib/gcc/arm-linux-gnueabihf/5.3.1/ -isysroot /usr/local/arm/gcc-linaro-5.3-2016.02-x86_64_arm-linux-gnueabihf/bin/../arm-linux-gnueabihf/libc -D_GNU_SOURCE /usr/share/cmake-3.22/Modules/CMakeCXXCompilerABI.cpp -quiet -dumpbase CMakeCXXCompilerABI.cpp -march=armv7-a -mtune=cortex-a9 -mfloat-abi=hard -mfpu=vfpv3-d16 -mthumb -mtls-dialect=gnu -auxbase-strip CMakeFiles/cmTC_6cc10.dir/CMakeCXXCompilerABI.cpp.o -version -o /tmp/ccJFygpf.s]
  ignore line: [GNU C++ (Linaro GCC 5.3-2016.02) version 5.3.1 20160113 (arm-linux-gnueabihf)]
  ignore line: [	compiled by GNU C version 4.9.2  GMP version 6.0.0  MPFR version 3.1.3  MPC version 1.0.3]
  ignore line: [GGC heuristics: --param ggc-min-expand=100 --param ggc-min-heapsize=131072]
  ignore line: [ignoring duplicate directory "/usr/local/arm/gcc-linaro-5.3-2016.02-x86_64_arm-linux-gnueabihf/bin/../lib/gcc/../../lib/gcc/arm-linux-gnueabihf/5.3.1/../../../../arm-linux-gnueabihf/include/c++/5.3.1"]
  ignore line: [ignoring duplicate directory "/usr/local/arm/gcc-linaro-5.3-2016.02-x86_64_arm-linux-gnueabihf/bin/../lib/gcc/../../lib/gcc/arm-linux-gnueabihf/5.3.1/../../../../arm-linux-gnueabihf/include/c++/5.3.1/arm-linux-gnueabihf/."]
  ignore line: [ignoring duplicate directory "/usr/local/arm/gcc-linaro-5.3-2016.02-x86_64_arm-linux-gnueabihf/bin/../lib/gcc/../../lib/gcc/arm-linux-gnueabihf/5.3.1/../../../../arm-linux-gnueabihf/include/c++/5.3.1/backward"]
  ignore line: [ignoring duplicate directory "/usr/local/arm/gcc-linaro-5.3-2016.02-x86_64_arm-linux-gnueabihf/bin/../lib/gcc/../../lib/gcc/arm-linux-gnueabihf/5.3.1/include"]
  ignore line: [ignoring nonexistent directory "/usr/local/arm/gcc-linaro-5.3-2016.02-x86_64_arm-linux-gnueabihf/bin/../arm-linux-gnueabihf/libc/usr/local/include/arm-linux-gnueabihf"]
  ignore line: [ignoring nonexistent directory "/usr/local/arm/gcc-linaro-5.3-2016.02-x86_64_arm-linux-gnueabihf/bin/../arm-linux-gnueabihf/libc/usr/local/include"]
  ignore line: [ignoring duplicate directory "/usr/local/arm/gcc-linaro-5.3-2016.02-x86_64_arm-linux-gnueabihf/bin/../lib/gcc/../../lib/gcc/arm-linux-gnueabihf/5.3.1/include-fixed"]
  ignore line: [ignoring duplicate directory "/usr/local/arm/gcc-linaro-5.3-2016.02-x86_64_arm-linux-gnueabihf/bin/../lib/gcc/../../lib/gcc/arm-linux-gnueabihf/5.3.1/../../../../arm-linux-gnueabihf/include"]
  ignore line: [ignoring nonexistent directory "/usr/local/arm/gcc-linaro-5.3-2016.02-x86_64_arm-linux-gnueabihf/bin/../arm-linux-gnueabihf/libc/usr/include/arm-linux-gnueabihf"]
  ignore line: [#include "..." search starts here:]
  ignore line: [#include <...> search starts here:]
  ignore line: [ /usr/local/arm/gcc-linaro-5.3-2016.02-x86_64_arm-linux-gnueabihf/bin/../lib/gcc/arm-linux-gnueabihf/5.3.1/../../../../arm-linux-gnueabihf/include/c++/5.3.1]
  ignore line: [ /usr/local/arm/gcc-linaro-5.3-2016.02-x86_64_arm-linux-gnueabihf/bin/../lib/gcc/arm-linux-gnueabihf/5.3.1/../../../../arm-linux-gnueabihf/include/c++/5.3.1/arm-linux-gnueabihf/.]
  ignore line: [ /usr/local/arm/gcc-linaro-5.3-2016.02-x86_64_arm-linux-gnueabihf/bin/../lib/gcc/arm-linux-gnueabihf/5.3.1/../../../../arm-linux-gnueabihf/include/c++/5.3.1/backward]
  ignore line: [ /usr/local/arm/gcc-linaro-5.3-2016.02-x86_64_arm-linux-gnueabihf/bin/../lib/gcc/arm-linux-gnueabihf/5.3.1/include]
  ignore line: [ /usr/local/arm/gcc-linaro-5.3-2016.02-x86_64_arm-linux-gnueabihf/bin/../lib/gcc/arm-linux-gnueabihf/5.3.1/include-fixed]
  ignore line: [ /usr/local/arm/gcc-linaro-5.3-2016.02-x86_64_arm-linux-gnueabihf/bin/../lib/gcc/arm-linux-gnueabihf/5.3.1/../../../../arm-linux-gnueabihf/include]
  ignore line: [ /usr/local/arm/gcc-linaro-5.3-2016.02-x86_64_arm-linux-gnueabihf/bin/../arm-linux-gnueabihf/libc/usr/include]
  ignore line: [End of search list.]
  ignore line: [GNU C++ (Linaro GCC 5.3-2016.02) version 5.3.1 20160113 (arm-linux-gnueabihf)]
  ignore line: [	compiled by GNU C version 4.9.2  GMP version 6.0.0  MPFR version 3.1.3  MPC version 1.0.3]
  ignore line: [GGC heuristics: --param ggc-min-expand=100 --param ggc-min-heapsize=131072]
  ignore line: [Compiler executable checksum: 4b3d07c99fe56c15e86ae2629fb94090]
  ignore line: [COLLECT_GCC_OPTIONS='-v' '-o' 'CMakeFiles/cmTC_6cc10.dir/CMakeCXXCompilerABI.cpp.o' '-c' '-shared-libgcc' '-march=armv7-a' '-mtune=cortex-a9' '-mfloat-abi=hard' '-mfpu=vfpv3-d16' '-mthumb' '-mtls-dialect=gnu']
  ignore line: [ /usr/local/arm/gcc-linaro-5.3-2016.02-x86_64_arm-linux-gnueabihf/bin/../lib/gcc/arm-linux-gnueabihf/5.3.1/../../../../arm-linux-gnueabihf/bin/as -v -march=armv7-a -mfloat-abi=hard -mfpu=vfpv3-d16 -meabi=5 -o CMakeFiles/cmTC_6cc10.dir/CMakeCXXCompilerABI.cpp.o /tmp/ccJFygpf.s]
  ignore line: [GNU assembler version 2.25.0 (arm-linux-gnueabihf) using BFD version (GNU Binutils) 2.25.0 Linaro 2015_10]
  ignore line: [COMPILER_PATH=/usr/local/arm/gcc-linaro-5.3-2016.02-x86_64_arm-linux-gnueabihf/bin/../libexec/gcc/arm-linux-gnueabihf/5.3.1/:/usr/local/arm/gcc-linaro-5.3-2016.02-x86_64_arm-linux-gnueabihf/bin/../libexec/gcc/arm-linux-gnueabihf/:/usr/local/arm/gcc-linaro-5.3-2016.02-x86_64_arm-linux-gnueabihf/bin/../libexec/gcc/:/usr/local/arm/gcc-linaro-5.3-2016.02-x86_64_arm-linux-gnueabihf/bin/../lib/gcc/arm-linux-gnueabihf/5.3.1/../../../../arm-linux-gnueabihf/bin/]
  ignore line: [LIBRARY_PATH=/usr/local/arm/gcc-linaro-5.3-2016.02-x86_64_arm-linux-gnueabihf/bin/../lib/gcc/arm-linux-gnueabihf/5.3.1/:/usr/local/arm/gcc-linaro-5.3-2016.02-x86_64_arm-linux-gnueabihf/bin/../lib/gcc/arm-linux-gnueabihf/:/usr/local/arm/gcc-linaro-5.3-2016.02-x86_64_arm-linux-gnueabihf/bin/../lib/gcc/:/usr/local/arm/gcc-linaro-5.3-2016.02-x86_64_arm-linux-gnueabihf/bin/../lib/gcc/arm-linux-gnueabihf/5.3.1/../../../../arm-linux-gnueabihf/lib/:/usr/local/arm/gcc-linaro-5.3-2016.02-x86_64_arm-linux-gnueabihf/bin/../arm-linux-gnueabihf/libc/lib/:/usr/local/arm/gcc-linaro-5.3-2016.02-x86_64_arm-linux-gnueabihf/bin/../arm-linux-gnueabihf/libc/usr/lib/]
  ignore line: [COLLECT_GCC_OPTIONS='-v' '-o' 'CMakeFiles/cmTC_6cc10.dir/CMakeCXXCompilerABI.cpp.o' '-c' '-shared-libgcc' '-march=armv7-a' '-mtune=cortex-a9' '-mfloat-abi=hard' '-mfpu=vfpv3-d16' '-mthumb' '-mtls-dialect=gnu']
  ignore line: [Linking CXX executable cmTC_6cc10]
  ignore line: [/usr/bin/cmake -E cmake_link_script CMakeFiles/cmTC_6cc10.dir/link.txt --verbose=1]
  ignore line: [/usr/local/arm/gcc-linaro-5.3-2016.02-x86_64_arm-linux-gnueabihf/bin/arm-linux-gnueabihf-g++  -v -rdynamic CMakeFiles/cmTC_6cc10.dir/CMakeCXXCompilerABI.cpp.o -o cmTC_6cc10 ]
  ignore line: [Using built-in specs.]
  ignore line: [COLLECT_GCC=/usr/local/arm/gcc-linaro-5.3-2016.02-x86_64_arm-linux-gnueabihf/bin/arm-linux-gnueabihf-g++]
  ignore line: [COLLECT_LTO_WRAPPER=/usr/local/arm/gcc-linaro-5.3-2016.02-x86_64_arm-linux-gnueabihf/bin/../libexec/gcc/arm-linux-gnueabihf/5.3.1/lto-wrapper]
  ignore line: [Target: arm-linux-gnueabihf]
  ignore line: [Configured with: /home/tcwg-buildslave/workspace/tcwg-make-release/label/tcwg-x86_64-ex40/target/arm-linux-gnueabihf/snapshots/gcc-linaro-5.3-2016.02/configure SHELL=/bin/bash --with-bugurl=https://bugs.linaro.org --with-mpc=/home/tcwg-buildslave/workspace/tcwg-make-release/label/tcwg-x86_64-ex40/target/arm-linux-gnueabihf/_build/builds/destdir/x86_64-unknown-linux-gnu --with-mpfr=/home/tcwg-buildslave/workspace/tcwg-make-release/label/tcwg-x86_64-ex40/target/arm-linux-gnueabihf/_build/builds/destdir/x86_64-unknown-linux-gnu --with-gmp=/home/tcwg-buildslave/workspace/tcwg-make-release/label/tcwg-x86_64-ex40/target/arm-linux-gnueabihf/_build/builds/destdir/x86_64-unknown-linux-gnu --with-gnu-as --with-gnu-ld --disable-libstdcxx-pch --disable-libmudflap --with-cloog=no --with-ppl=no --with-isl=no --disable-nls --enable-c99 --with-tune=cortex-a9 --with-arch=armv7-a --with-fpu=vfpv3-d16 --with-float=hard --with-mode=thumb --disable-multilib --enable-multiarch --with-build-sysroot=/home/tcwg-buildslave/workspace/tcwg-make-release/label/tcwg-x86_64-ex40/target/arm-linux-gnueabihf/_build/sysroots/arm-linux-gnueabihf --enable-lto --enable-linker-build-id --enable-long-long --enable-shared --with-sysroot=/home/tcwg-buildslave/workspace/tcwg-make-release/label/tcwg-x86_64-ex40/target/arm-linux-gnueabihf/_build/builds/destdir/x86_64-unknown-linux-gnu/arm-linux-gnueabihf/libc --enable-languages=c,c++,fortran,lto --enable-checking=release --disable-bootstrap --with-bugurl=https://bugs.linaro.org --build=x86_64-unknown-linux-gnu --host=x86_64-unknown-linux-gnu --target=arm-linux-gnueabihf --prefix=/home/tcwg-buildslave/workspace/tcwg-make-release/label/tcwg-x86_64-ex40/target/arm-linux-gnueabihf/_build/builds/destdir/x86_64-unknown-linux-gnu]
  ignore line: [Thread model: posix]
  ignore line: [gcc version 5.3.1 20160113 (Linaro GCC 5.3-2016.02) ]
  ignore line: [COMPILER_PATH=/usr/local/arm/gcc-linaro-5.3-2016.02-x86_64_arm-linux-gnueabihf/bin/../libexec/gcc/arm-linux-gnueabihf/5.3.1/:/usr/local/arm/gcc-linaro-5.3-2016.02-x86_64_arm-linux-gnueabihf/bin/../libexec/gcc/arm-linux-gnueabihf/:/usr/local/arm/gcc-linaro-5.3-2016.02-x86_64_arm-linux-gnueabihf/bin/../libexec/gcc/:/usr/local/arm/gcc-linaro-5.3-2016.02-x86_64_arm-linux-gnueabihf/bin/../lib/gcc/arm-linux-gnueabihf/5.3.1/../../../../arm-linux-gnueabihf/bin/]
  ignore line: [LIBRARY_PATH=/usr/local/arm/gcc-linaro-5.3-2016.02-x86_64_arm-linux-gnueabihf/bin/../lib/gcc/arm-linux-gnueabihf/5.3.1/:/usr/local/arm/gcc-linaro-5.3-2016.02-x86_64_arm-linux-gnueabihf/bin/../lib/gcc/arm-linux-gnueabihf/:/usr/local/arm/gcc-linaro-5.3-2016.02-x86_64_arm-linux-gnueabihf/bin/../lib/gcc/:/usr/local/arm/gcc-linaro-5.3-2016.02-x86_64_arm-linux-gnueabihf/bin/../lib/gcc/arm-linux-gnueabihf/5.3.1/../../../../arm-linux-gnueabihf/lib/:/usr/local/arm/gcc-linaro-5.3-2016.02-x86_64_arm-linux-gnueabihf/bin/../arm-linux-gnueabihf/libc/lib/:/usr/local/arm/gcc-linaro-5.3-2016.02-x86_64_arm-linux-gnueabihf/bin/../arm-linux-gnueabihf/libc/usr/lib/]
  ignore line: [COLLECT_GCC_OPTIONS='-v' '-rdynamic' '-o' 'cmTC_6cc10' '-shared-libgcc' '-march=armv7-a' '-mtune=cortex-a9' '-mfloat-abi=hard' '-mfpu=vfpv3-d16' '-mthumb' '-mtls-dialect=gnu']
  link line: [ /usr/local/arm/gcc-linaro-5.3-2016.02-x86_64_arm-linux-gnueabihf/bin/../libexec/gcc/arm-linux-gnueabihf/5.3.1/collect2 -plugin /usr/local/arm/gcc-linaro-5.3-2016.02-x86_64_arm-linux-gnueabihf/bin/../libexec/gcc/arm-linux-gnueabihf/5.3.1/liblto_plugin.so -plugin-opt=/usr/local/arm/gcc-linaro-5.3-2016.02-x86_64_arm-linux-gnueabihf/bin/../libexec/gcc/arm-linux-gnueabihf/5.3.1/lto-wrapper -plugin-opt=-fresolution=/tmp/ccu3Xjwz.res -plugin-opt=-pass-through=-lgcc_s -plugin-opt=-pass-through=-lgcc -plugin-opt=-pass-through=-lc -plugin-opt=-pass-through=-lgcc_s -plugin-opt=-pass-through=-lgcc --sysroot=/usr/local/arm/gcc-linaro-5.3-2016.02-x86_64_arm-linux-gnueabihf/bin/../arm-linux-gnueabihf/libc --build-id --eh-frame-hdr -export-dynamic -dynamic-linker /lib/ld-linux-armhf.so.3 -X -m armelf_linux_eabi -o cmTC_6cc10 /usr/local/arm/gcc-linaro-5.3-2016.02-x86_64_arm-linux-gnueabihf/bin/../arm-linux-gnueabihf/libc/usr/lib/crt1.o /usr/local/arm/gcc-linaro-5.3-2016.02-x86_64_arm-linux-gnueabihf/bin/../arm-linux-gnueabihf/libc/usr/lib/crti.o /usr/local/arm/gcc-linaro-5.3-2016.02-x86_64_arm-linux-gnueabihf/bin/../lib/gcc/arm-linux-gnueabihf/5.3.1/crtbegin.o -L/usr/local/arm/gcc-linaro-5.3-2016.02-x86_64_arm-linux-gnueabihf/bin/../lib/gcc/arm-linux-gnueabihf/5.3.1 -L/usr/local/arm/gcc-linaro-5.3-2016.02-x86_64_arm-linux-gnueabihf/bin/../lib/gcc/arm-linux-gnueabihf -L/usr/local/arm/gcc-linaro-5.3-2016.02-x86_64_arm-linux-gnueabihf/bin/../lib/gcc -L/usr/local/arm/gcc-linaro-5.3-2016.02-x86_64_arm-linux-gnueabihf/bin/../lib/gcc/arm-linux-gnueabihf/5.3.1/../../../../arm-linux-gnueabihf/lib -L/usr/local/arm/gcc-linaro-5.3-2016.02-x86_64_arm-linux-gnueabihf/bin/../arm-linux-gnueabihf/libc/lib -L/usr/local/arm/gcc-linaro-5.3-2016.02-x86_64_arm-linux-gnueabihf/bin/../arm-linux-gnueabihf/libc/usr/lib CMakeFiles/cmTC_6cc10.dir/CMakeCXXCompilerABI.cpp.o -lstdc++ -lm -lgcc_s -lgcc -lc -lgcc_s -lgcc /usr/local/arm/gcc-linaro-5.3-2016.02-x86_64_arm-linux-gnueabihf/bin/../lib/gcc/arm-linux-gnueabihf/5.3.1/crtend.o /usr/local/arm/gcc-linaro-5.3-2016.02-x86_64_arm-linux-gnueabihf/bin/../arm-linux-gnueabihf/libc/usr/lib/crtn.o]
    arg [/usr/local/arm/gcc-linaro-5.3-2016.02-x86_64_arm-linux-gnueabihf/bin/../libexec/gcc/arm-linux-gnueabihf/5.3.1/collect2] ==> ignore
    arg [-plugin] ==> ignore
    arg [/usr/local/arm/gcc-linaro-5.3-2016.02-x86_64_arm-linux-gnueabihf/bin/../libexec/gcc/arm-linux-gnueabihf/5.3.1/liblto_plugin.so] ==> ignore
    arg [-plugin-opt=/usr/local/arm/gcc-linaro-5.3-2016.02-x86_64_arm-linux-gnueabihf/bin/../libexec/gcc/arm-linux-gnueabihf/5.3.1/lto-wrapper] ==> ignore
    arg [-plugin-opt=-fresolution=/tmp/ccu3Xjwz.res] ==> ignore
    arg [-plugin-opt=-pass-through=-lgcc_s] ==> ignore
    arg [-plugin-opt=-pass-through=-lgcc] ==> ignore
    arg [-plugin-opt=-pass-through=-lc] ==> ignore
    arg [-plugin-opt=-pass-through=-lgcc_s] ==> ignore
    arg [-plugin-opt=-pass-through=-lgcc] ==> ignore
    arg [--sysroot=/usr/local/arm/gcc-linaro-5.3-2016.02-x86_64_arm-linux-gnueabihf/bin/../arm-linux-gnueabihf/libc] ==> ignore
    arg [--build-id] ==> ignore
    arg [--eh-frame-hdr] ==> ignore
    arg [-export-dynamic] ==> ignore
    arg [-dynamic-linker] ==> ignore
    arg [/lib/ld-linux-armhf.so.3] ==> ignore
    arg [-X] ==> ignore
    arg [-m] ==> ignore
    arg [armelf_linux_eabi] ==> ignore
    arg [-o] ==> ignore
    arg [cmTC_6cc10] ==> ignore
    arg [/usr/local/arm/gcc-linaro-5.3-2016.02-x86_64_arm-linux-gnueabihf/bin/../arm-linux-gnueabihf/libc/usr/lib/crt1.o] ==> obj [/usr/local/arm/gcc-linaro-5.3-2016.02-x86_64_arm-linux-gnueabihf/bin/../arm-linux-gnueabihf/libc/usr/lib/crt1.o]
    arg [/usr/local/arm/gcc-linaro-5.3-2016.02-x86_64_arm-linux-gnueabihf/bin/../arm-linux-gnueabihf/libc/usr/lib/crti.o] ==> obj [/usr/local/arm/gcc-linaro-5.3-2016.02-x86_64_arm-linux-gnueabihf/bin/../arm-linux-gnueabihf/libc/usr/lib/crti.o]
    arg [/usr/local/arm/gcc-linaro-5.3-2016.02-x86_64_arm-linux-gnueabihf/bin/../lib/gcc/arm-linux-gnueabihf/5.3.1/crtbegin.o] ==> obj [/usr/local/arm/gcc-linaro-5.3-2016.02-x86_64_arm-linux-gnueabihf/bin/../lib/gcc/arm-linux-gnueabihf/5.3.1/crtbegin.o]
    arg [-L/usr/local/arm/gcc-linaro-5.3-2016.02-x86_64_arm-linux-gnueabihf/bin/../lib/gcc/arm-linux-gnueabihf/5.3.1] ==> dir [/usr/local/arm/gcc-linaro-5.3-2016.02-x86_64_arm-linux-gnueabihf/bin/../lib/gcc/arm-linux-gnueabihf/5.3.1]
    arg [-L/usr/local/arm/gcc-linaro-5.3-2016.02-x86_64_arm-linux-gnueabihf/bin/../lib/gcc/arm-linux-gnueabihf] ==> dir [/usr/local/arm/gcc-linaro-5.3-2016.02-x86_64_arm-linux-gnueabihf/bin/../lib/gcc/arm-linux-gnueabihf]
    arg [-L/usr/local/arm/gcc-linaro-5.3-2016.02-x86_64_arm-linux-gnueabihf/bin/../lib/gcc] ==> dir [/usr/local/arm/gcc-linaro-5.3-2016.02-x86_64_arm-linux-gnueabihf/bin/../lib/gcc]
    arg [-L/usr/local/arm/gcc-linaro-5.3-2016.02-x86_64_arm-linux-gnueabihf/bin/../lib/gcc/arm-linux-gnueabihf/5.3.1/../../../../arm-linux-gnueabihf/lib] ==> dir [/usr/local/arm/gcc-linaro-5.3-2016.02-x86_64_arm-linux-gnueabihf/bin/../lib/gcc/arm-linux-gnueabihf/5.3.1/../../../../arm-linux-gnueabihf/lib]
    arg [-L/usr/local/arm/gcc-linaro-5.3-2016.02-x86_64_arm-linux-gnueabihf/bin/../arm-linux-gnueabihf/libc/lib] ==> dir [/usr/local/arm/gcc-linaro-5.3-2016.02-x86_64_arm-linux-gnueabihf/bin/../arm-linux-gnueabihf/libc/lib]
    arg [-L/usr/local/arm/gcc-linaro-5.3-2016.02-x86_64_arm-linux-gnueabihf/bin/../arm-linux-gnueabihf/libc/usr/lib] ==> dir [/usr/local/arm/gcc-linaro-5.3-2016.02-x86_64_arm-linux-gnueabihf/bin/../arm-linux-gnueabihf/libc/usr/lib]
    arg [CMakeFiles/cmTC_6cc10.dir/CMakeCXXCompilerABI.cpp.o] ==> ignore
    arg [-lstdc++] ==> lib [stdc++]
    arg [-lm] ==> lib [m]
    arg [-lgcc_s] ==> lib [gcc_s]
    arg [-lgcc] ==> lib [gcc]
    arg [-lc] ==> lib [c]
    arg [-lgcc_s] ==> lib [gcc_s]
    arg [-lgcc] ==> lib [gcc]
    arg [/usr/local/arm/gcc-linaro-5.3-2016.02-x86_64_arm-linux-gnueabihf/bin/../lib/gcc/arm-linux-gnueabihf/5.3.1/crtend.o] ==> obj [/usr/local/arm/gcc-linaro-5.3-2016.02-x86_64_arm-linux-gnueabihf/bin/../lib/gcc/arm-linux-gnueabihf/5.3.1/crtend.o]
    arg [/usr/local/arm/gcc-linaro-5.3-2016.02-x86_64_arm-linux-gnueabihf/bin/../arm-linux-gnueabihf/libc/usr/lib/crtn.o] ==> obj [/usr/local/arm/gcc-linaro-5.3-2016.02-x86_64_arm-linux-gnueabihf/bin/../arm-linux-gnueabihf/libc/usr/lib/crtn.o]
  collapse obj [/usr/local/arm/gcc-linaro-5.3-2016.02-x86_64_arm-linux-gnueabihf/bin/../arm-linux-gnueabihf/libc/usr/lib/crt1.o] ==> [/usr/local/arm/gcc-linaro-5.3-2016.02-x86_64_arm-linux-gnueabihf/arm-linux-gnueabihf/libc/usr/lib/crt1.o]
  collapse obj [/usr/local/arm/gcc-linaro-5.3-2016.02-x86_64_arm-linux-gnueabihf/bin/../arm-linux-gnueabihf/libc/usr/lib/crti.o] ==> [/usr/local/arm/gcc-linaro-5.3-2016.02-x86_64_arm-linux-gnueabihf/arm-linux-gnueabihf/libc/usr/lib/crti.o]
  collapse obj [/usr/local/arm/gcc-linaro-5.3-2016.02-x86_64_arm-linux-gnueabihf/bin/../lib/gcc/arm-linux-gnueabihf/5.3.1/crtbegin.o] ==> [/usr/local/arm/gcc-linaro-5.3-2016.02-x86_64_arm-linux-gnueabihf/lib/gcc/arm-linux-gnueabihf/5.3.1/crtbegin.o]
  collapse obj [/usr/local/arm/gcc-linaro-5.3-2016.02-x86_64_arm-linux-gnueabihf/bin/../lib/gcc/arm-linux-gnueabihf/5.3.1/crtend.o] ==> [/usr/local/arm/gcc-linaro-5.3-2016.02-x86_64_arm-linux-gnueabihf/lib/gcc/arm-linux-gnueabihf/5.3.1/crtend.o]
  collapse obj [/usr/local/arm/gcc-linaro-5.3-2016.02-x86_64_arm-linux-gnueabihf/bin/../arm-linux-gnueabihf/libc/usr/lib/crtn.o] ==> [/usr/local/arm/gcc-linaro-5.3-2016.02-x86_64_arm-linux-gnueabihf/arm-linux-gnueabihf/libc/usr/lib/crtn.o]
  collapse library dir [/usr/local/arm/gcc-linaro-5.3-2016.02-x86_64_arm-linux-gnueabihf/bin/../lib/gcc/arm-linux-gnueabihf/5.3.1] ==> [/usr/local/arm/gcc-linaro-5.3-2016.02-x86_64_arm-linux-gnueabihf/lib/gcc/arm-linux-gnueabihf/5.3.1]
  collapse library dir [/usr/local/arm/gcc-linaro-5.3-2016.02-x86_64_arm-linux-gnueabihf/bin/../lib/gcc/arm-linux-gnueabihf] ==> [/usr/local/arm/gcc-linaro-5.3-2016.02-x86_64_arm-linux-gnueabihf/lib/gcc/arm-linux-gnueabihf]
  collapse library dir [/usr/local/arm/gcc-linaro-5.3-2016.02-x86_64_arm-linux-gnueabihf/bin/../lib/gcc] ==> [/usr/local/arm/gcc-linaro-5.3-2016.02-x86_64_arm-linux-gnueabihf/lib/gcc]
  collapse library dir [/usr/local/arm/gcc-linaro-5.3-2016.02-x86_64_arm-linux-gnueabihf/bin/../lib/gcc/arm-linux-gnueabihf/5.3.1/../../../../arm-linux-gnueabihf/lib] ==> [/usr/local/arm/gcc-linaro-5.3-2016.02-x86_64_arm-linux-gnueabihf/arm-linux-gnueabihf/lib]
  collapse library dir [/usr/local/arm/gcc-linaro-5.3-2016.02-x86_64_arm-linux-gnueabihf/bin/../arm-linux-gnueabihf/libc/lib] ==> [/usr/local/arm/gcc-linaro-5.3-2016.02-x86_64_arm-linux-gnueabihf/arm-linux-gnueabihf/libc/lib]
  collapse library dir [/usr/local/arm/gcc-linaro-5.3-2016.02-x86_64_arm-linux-gnueabihf/bin/../arm-linux-gnueabihf/libc/usr/lib] ==> [/usr/local/arm/gcc-linaro-5.3-2016.02-x86_64_arm-linux-gnueabihf/arm-linux-gnueabihf/libc/usr/lib]
  implicit libs: [stdc++;m;gcc_s;gcc;c;gcc_s;gcc]
  implicit objs: [/usr/local/arm/gcc-linaro-5.3-2016.02-x86_64_arm-linux-gnueabihf/arm-linux-gnueabihf/libc/usr/lib/crt1.o;/usr/local/arm/gcc-linaro-5.3-2016.02-x86_64_arm-linux-gnueabihf/arm-linux-gnueabihf/libc/usr/lib/crti.o;/usr/local/arm/gcc-linaro-5.3-2016.02-x86_64_arm-linux-gnueabihf/lib/gcc/arm-linux-gnueabihf/5.3.1/crtbegin.o;/usr/local/arm/gcc-linaro-5.3-2016.02-x86_64_arm-linux-gnueabihf/lib/gcc/arm-linux-gnueabihf/5.3.1/crtend.o;/usr/local/arm/gcc-linaro-5.3-2016.02-x86_64_arm-linux-gnueabihf/arm-linux-gnueabihf/libc/usr/lib/crtn.o]
  implicit dirs: [/usr/local/arm/gcc-linaro-5.3-2016.02-x86_64_arm-linux-gnueabihf/lib/gcc/arm-linux-gnueabihf/5.3.1;/usr/local/arm/gcc-linaro-5.3-2016.02-x86_64_arm-linux-gnueabihf/lib/gcc/arm-linux-gnueabihf;/usr/local/arm/gcc-linaro-5.3-2016.02-x86_64_arm-linux-gnueabihf/lib/gcc;/usr/local/arm/gcc-linaro-5.3-2016.02-x86_64_arm-linux-gnueabihf/arm-linux-gnueabihf/lib;/usr/local/arm/gcc-linaro-5.3-2016.02-x86_64_arm-linux-gnueabihf/arm-linux-gnueabihf/libc/lib;/usr/local/arm/gcc-linaro-5.3-2016.02-x86_64_arm-linux-gnueabihf/arm-linux-gnueabihf/libc/usr/lib]
  implicit fwks: []


Checking whether the ASM compiler is GNU using "--version" matched "(GNU assembler)|(GCC)|(Free Software Foundation)":
arm-linux-gnueabihf-gcc (Linaro GCC 5.3-2016.02) 5.3.1 20160113
Copyright (C) 2015 Free Software Foundation, Inc.
This is free software; see the source for copying conditions.  There is NO
warranty; not even for MERCHANTABILITY or FITNESS FOR A PARTICULAR PURPOSE.

